401294 execve("/usr/bin/systemctl", ["systemctl", "start", "mysql"], 0x7fffc85565a8 /* 19 vars */) = 0
401294 brk(NULL)                        = 0x569bf79fa000
401294 mmap(NULL, 8192, PROT_READ|PROT_WRITE, MAP_PRIVATE|MAP_ANONYMOUS, -1, 0) = 0x799f17501000
401294 access("/etc/ld.so.preload", R_OK) = -1 ENOENT (No such file or directory)
401294 openat(AT_FDCWD, "/usr/lib/x86_64-linux-gnu/systemd/glibc-hwcaps/x86-64-v3/libsystemd-shared-257.so", O_RDONLY|O_CLOEXEC) = -1 ENOENT (No such file or directory)
401294 newfstatat(AT_FDCWD, "/usr/lib/x86_64-linux-gnu/systemd/glibc-hwcaps/x86-64-v3/", 0x7ffed4faed30, 0) = -1 ENOENT (No such file or directory)
401294 openat(AT_FDCWD, "/usr/lib/x86_64-linux-gnu/systemd/glibc-hwcaps/x86-64-v2/libsystemd-shared-257.so", O_RDONLY|O_CLOEXEC) = -1 ENOENT (No such file or directory)
401294 newfstatat(AT_FDCWD, "/usr/lib/x86_64-linux-gnu/systemd/glibc-hwcaps/x86-64-v2/", 0x7ffed4faed30, 0) = -1 ENOENT (No such file or directory)
401294 openat(AT_FDCWD, "/usr/lib/x86_64-linux-gnu/systemd/libsystemd-shared-257.so", O_RDONLY|O_CLOEXEC) = 3
401294 read(3, "\177ELF\2\1\1\0\0\0\0\0\0\0\0\0\3\0>\0\1\0\0\0\0\0\0\0\0\0\0\0"..., 832) = 832
401294 fstat(3, {st_mode=S_IFREG|0644, st_size=4443576, ...}) = 0
401294 mmap(NULL, 4451704, PROT_READ, MAP_PRIVATE|MAP_DENYWRITE, 3, 0) = 0x799f17000000
401294 mmap(0x799f1707a000, 2871296, PROT_READ|PROT_EXEC, MAP_PRIVATE|MAP_FIXED|MAP_DENYWRITE, 3, 0x7a000) = 0x799f1707a000
401294 mmap(0x799f17337000, 901120, PROT_READ, MAP_PRIVATE|MAP_FIXED|MAP_DENYWRITE, 3, 0x337000) = 0x799f17337000
401294 mmap(0x799f17413000, 176128, PROT_READ|PROT_WRITE, MAP_PRIVATE|MAP_FIXED|MAP_DENYWRITE, 3, 0x412000) = 0x799f17413000
401294 mmap(0x799f1743e000, 3448, PROT_READ|PROT_WRITE, MAP_PRIVATE|MAP_FIXED|MAP_ANONYMOUS, -1, 0) = 0x799f1743e000
401294 close(3)                         = 0
401294 openat(AT_FDCWD, "/usr/lib/x86_64-linux-gnu/systemd/libc.so.6", O_RDONLY|O_CLOEXEC) = -1 ENOENT (No such file or directory)
401294 openat(AT_FDCWD, "/etc/ld.so.cache", O_RDONLY|O_CLOEXEC) = 3
401294 fstat(3, {st_mode=S_IFREG|0644, st_size=75893, ...}) = 0
401294 mmap(NULL, 75893, PROT_READ, MAP_PRIVATE, 3, 0) = 0x799f174ee000
401294 close(3)                         = 0
401294 openat(AT_FDCWD, "/lib/x86_64-linux-gnu/libc.so.6", O_RDONLY|O_CLOEXEC) = 3
401294 read(3, "\177ELF\2\1\1\3\0\0\0\0\0\0\0\0\3\0>\0\1\0\0\0\0\245\2\0\0\0\0\0"..., 832) = 832
401294 pread64(3, "\6\0\0\0\4\0\0\0@\0\0\0\0\0\0\0@\0\0\0\0\0\0\0@\0\0\0\0\0\0\0"..., 840, 64) = 840
401294 fstat(3, {st_mode=S_IFREG|0755, st_size=2182752, ...}) = 0
401294 pread64(3, "\6\0\0\0\4\0\0\0@\0\0\0\0\0\0\0@\0\0\0\0\0\0\0@\0\0\0\0\0\0\0"..., 840, 64) = 840
401294 mmap(NULL, 2227832, PROT_READ, MAP_PRIVATE|MAP_DENYWRITE, 3, 0) = 0x799f16c00000
401294 mmap(0x799f16c28000, 1662976, PROT_READ|PROT_EXEC, MAP_PRIVATE|MAP_FIXED|MAP_DENYWRITE, 3, 0x28000) = 0x799f16c28000
401294 mmap(0x799f16dbe000, 323584, PROT_READ, MAP_PRIVATE|MAP_FIXED|MAP_DENYWRITE, 3, 0x1be000) = 0x799f16dbe000
401294 mmap(0x799f16e0d000, 24576, PROT_READ|PROT_WRITE, MAP_PRIVATE|MAP_FIXED|MAP_DENYWRITE, 3, 0x20c000) = 0x799f16e0d000
401294 mmap(0x799f16e13000, 52856, PROT_READ|PROT_WRITE, MAP_PRIVATE|MAP_FIXED|MAP_ANONYMOUS, -1, 0) = 0x799f16e13000
401294 close(3)                         = 0
401294 openat(AT_FDCWD, "/lib/x86_64-linux-gnu/libacl.so.1", O_RDONLY|O_CLOEXEC) = 3
401294 read(3, "\177ELF\2\1\1\0\0\0\0\0\0\0\0\0\3\0>\0\1\0\0\0\0\0\0\0\0\0\0\0"..., 832) = 832
401294 fstat(3, {st_mode=S_IFREG|0644, st_size=38984, ...}) = 0
401294 mmap(NULL, 36896, PROT_READ, MAP_PRIVATE|MAP_DENYWRITE, 3, 0) = 0x799f174e4000
401294 mmap(0x799f174e6000, 20480, PROT_READ|PROT_EXEC, MAP_PRIVATE|MAP_FIXED|MAP_DENYWRITE, 3, 0x2000) = 0x799f174e6000
401294 mmap(0x799f174eb000, 4096, PROT_READ, MAP_PRIVATE|MAP_FIXED|MAP_DENYWRITE, 3, 0x7000) = 0x799f174eb000
401294 mmap(0x799f174ec000, 8192, PROT_READ|PROT_WRITE, MAP_PRIVATE|MAP_FIXED|MAP_DENYWRITE, 3, 0x8000) = 0x799f174ec000
401294 close(3)                         = 0
401294 openat(AT_FDCWD, "/lib/x86_64-linux-gnu/libblkid.so.1", O_RDONLY|O_CLOEXEC) = 3
401294 read(3, "\177ELF\2\1\1\0\0\0\0\0\0\0\0\0\3\0>\0\1\0\0\0\0\0\0\0\0\0\0\0"..., 832) = 832
401294 fstat(3, {st_mode=S_IFREG|0644, st_size=273528, ...}) = 0
401294 mmap(NULL, 275384, PROT_READ, MAP_PRIVATE|MAP_DENYWRITE, 3, 0) = 0x799f174a0000
401294 mmap(0x799f174a7000, 184320, PROT_READ|PROT_EXEC, MAP_PRIVATE|MAP_FIXED|MAP_DENYWRITE, 3, 0x7000) = 0x799f174a7000
401294 mmap(0x799f174d4000, 36864, PROT_READ, MAP_PRIVATE|MAP_FIXED|MAP_DENYWRITE, 3, 0x34000) = 0x799f174d4000
401294 mmap(0x799f174dd000, 28672, PROT_READ|PROT_WRITE, MAP_PRIVATE|MAP_FIXED|MAP_DENYWRITE, 3, 0x3c000) = 0x799f174dd000
401294 close(3)                         = 0
401294 openat(AT_FDCWD, "/lib/x86_64-linux-gnu/libcap.so.2", O_RDONLY|O_CLOEXEC) = 3
401294 read(3, "\177ELF\2\1\1\0\0\0\0\0\0\0\0\0\3\0>\0\1\0\0\0\0\225\0\0\0\0\0\0"..., 832) = 832
401294 pread64(3, "\6\0\0\0\4\0\0\0@\0\0\0\0\0\0\0@\0\0\0\0\0\0\0@\0\0\0\0\0\0\0"..., 784, 64) = 784
401294 fstat(3, {st_mode=S_IFREG|0644, st_size=55712, ...}) = 0
401294 pread64(3, "\6\0\0\0\4\0\0\0@\0\0\0\0\0\0\0@\0\0\0\0\0\0\0@\0\0\0\0\0\0\0"..., 784, 64) = 784
401294 mmap(NULL, 53320, PROT_READ, MAP_PRIVATE|MAP_DENYWRITE, 3, 0) = 0x799f17492000
401294 mmap(0x799f17495000, 28672, PROT_READ|PROT_EXEC, MAP_PRIVATE|MAP_FIXED|MAP_DENYWRITE, 3, 0x3000) = 0x799f17495000
401294 mmap(0x799f1749c000, 8192, PROT_READ, MAP_PRIVATE|MAP_FIXED|MAP_DENYWRITE, 3, 0xa000) = 0x799f1749c000
401294 mmap(0x799f1749e000, 8192, PROT_READ|PROT_WRITE, MAP_PRIVATE|MAP_FIXED|MAP_DENYWRITE, 3, 0xc000) = 0x799f1749e000
401294 close(3)                         = 0
401294 openat(AT_FDCWD, "/lib/x86_64-linux-gnu/libcrypt.so.1", O_RDONLY|O_CLOEXEC) = 3
401294 read(3, "\177ELF\2\1\1\0\0\0\0\0\0\0\0\0\3\0>\0\1\0\0\0\0\0\0\0\0\0\0\0"..., 832) = 832
401294 fstat(3, {st_mode=S_IFREG|0644, st_size=219224, ...}) = 0
401294 mmap(NULL, 8192, PROT_READ|PROT_WRITE, MAP_PRIVATE|MAP_ANONYMOUS, -1, 0) = 0x799f17490000
401294 mmap(NULL, 254368, PROT_READ, MAP_PRIVATE|MAP_DENYWRITE, 3, 0) = 0x799f17451000
401294 mmap(0x799f17453000, 106496, PROT_READ|PROT_EXEC, MAP_PRIVATE|MAP_FIXED|MAP_DENYWRITE, 3, 0x2000) = 0x799f17453000
401294 mmap(0x799f1746d000, 102400, PROT_READ, MAP_PRIVATE|MAP_FIXED|MAP_DENYWRITE, 3, 0x1c000) = 0x799f1746d000
401294 mmap(0x799f17486000, 8192, PROT_READ|PROT_WRITE, MAP_PRIVATE|MAP_FIXED|MAP_DENYWRITE, 3, 0x34000) = 0x799f17486000
401294 mmap(0x799f17488000, 29088, PROT_READ|PROT_WRITE, MAP_PRIVATE|MAP_FIXED|MAP_ANONYMOUS, -1, 0) = 0x799f17488000
401294 close(3)                         = 0
401294 openat(AT_FDCWD, "/lib/x86_64-linux-gnu/libmount.so.1", O_RDONLY|O_CLOEXEC) = 3
401294 read(3, "\177ELF\2\1\1\0\0\0\0\0\0\0\0\0\3\0>\0\1\0\0\0\0\0\0\0\0\0\0\0"..., 832) = 832
401294 fstat(3, {st_mode=S_IFREG|0644, st_size=346912, ...}) = 0
401294 mmap(NULL, 348768, PROT_READ, MAP_PRIVATE|MAP_DENYWRITE, 3, 0) = 0x799f16faa000
401294 mmap(0x799f16fb3000, 249856, PROT_READ|PROT_EXEC, MAP_PRIVATE|MAP_FIXED|MAP_DENYWRITE, 3, 0x9000) = 0x799f16fb3000
401294 mmap(0x799f16ff0000, 53248, PROT_READ, MAP_PRIVATE|MAP_FIXED|MAP_DENYWRITE, 3, 0x46000) = 0x799f16ff0000
401294 mmap(0x799f16ffd000, 12288, PROT_READ|PROT_WRITE, MAP_PRIVATE|MAP_FIXED|MAP_DENYWRITE, 3, 0x52000) = 0x799f16ffd000
401294 close(3)                         = 0
401294 openat(AT_FDCWD, "/lib/x86_64-linux-gnu/libcrypto.so.3", O_RDONLY|O_CLOEXEC) = 3
401294 read(3, "\177ELF\2\1\1\0\0\0\0\0\0\0\0\0\3\0>\0\1\0\0\0\0\0\0\0\0\0\0\0"..., 832) = 832
401294 fstat(3, {st_mode=S_IFREG|0644, st_size=6111160, ...}) = 0
401294 mmap(NULL, 6121456, PROT_READ, MAP_PRIVATE|MAP_DENYWRITE, 3, 0) = 0x799f16600000
401294 mmap(0x799f166c6000, 3780608, PROT_READ|PROT_EXEC, MAP_PRIVATE|MAP_FIXED|MAP_DENYWRITE, 3, 0xc6000) = 0x799f166c6000
401294 mmap(0x799f16a61000, 1089536, PROT_READ, MAP_PRIVATE|MAP_FIXED|MAP_DENYWRITE, 3, 0x461000) = 0x799f16a61000
401294 mmap(0x799f16b6b000, 430080, PROT_READ|PROT_WRITE, MAP_PRIVATE|MAP_FIXED|MAP_DENYWRITE, 3, 0x56b000) = 0x799f16b6b000
401294 mmap(0x799f16bd4000, 10224, PROT_READ|PROT_WRITE, MAP_PRIVATE|MAP_FIXED|MAP_ANONYMOUS, -1, 0) = 0x799f16bd4000
401294 close(3)                         = 0
401294 openat(AT_FDCWD, "/lib/x86_64-linux-gnu/libpam.so.0", O_RDONLY|O_CLOEXEC) = 3
401294 read(3, "\177ELF\2\1\1\0\0\0\0\0\0\0\0\0\3\0>\0\1\0\0\0\0\0\0\0\0\0\0\0"..., 832) = 832
401294 fstat(3, {st_mode=S_IFREG|0644, st_size=72064, ...}) = 0
401294 mmap(NULL, 69648, PROT_READ, MAP_PRIVATE|MAP_DENYWRITE, 3, 0) = 0x799f1743f000
401294 mmap(0x799f17442000, 40960, PROT_READ|PROT_EXEC, MAP_PRIVATE|MAP_FIXED|MAP_DENYWRITE, 3, 0x3000) = 0x799f17442000
401294 mmap(0x799f1744c000, 12288, PROT_READ, MAP_PRIVATE|MAP_FIXED|MAP_DENYWRITE, 3, 0xd000) = 0x799f1744c000
401294 mmap(0x799f1744f000, 8192, PROT_READ|PROT_WRITE, MAP_PRIVATE|MAP_FIXED|MAP_DENYWRITE, 3, 0x10000) = 0x799f1744f000
401294 close(3)                         = 0
401294 openat(AT_FDCWD, "/lib/x86_64-linux-gnu/libseccomp.so.2", O_RDONLY|O_CLOEXEC) = 3
401294 read(3, "\177ELF\2\1\1\0\0\0\0\0\0\0\0\0\3\0>\0\1\0\0\0\0\0\0\0\0\0\0\0"..., 832) = 832
401294 fstat(3, {st_mode=S_IFREG|0644, st_size=137728, ...}) = 0
401294 mmap(NULL, 139584, PROT_READ, MAP_PRIVATE|MAP_DENYWRITE, 3, 0) = 0x799f16f87000
401294 mmap(0x799f16f89000, 69632, PROT_READ|PROT_EXEC, MAP_PRIVATE|MAP_FIXED|MAP_DENYWRITE, 3, 0x2000) = 0x799f16f89000
401294 mmap(0x799f16f9a000, 57344, PROT_READ, MAP_PRIVATE|MAP_FIXED|MAP_DENYWRITE, 3, 0x13000) = 0x799f16f9a000
401294 mmap(0x799f16fa8000, 8192, PROT_READ|PROT_WRITE, MAP_PRIVATE|MAP_FIXED|MAP_DENYWRITE, 3, 0x20000) = 0x799f16fa8000
401294 close(3)                         = 0
401294 openat(AT_FDCWD, "/lib/x86_64-linux-gnu/libselinux.so.1", O_RDONLY|O_CLOEXEC) = 3
401294 read(3, "\177ELF\2\1\1\0\0\0\0\0\0\0\0\0\3\0>\0\1\0\0\0\0\0\0\0\0\0\0\0"..., 832) = 832
401294 fstat(3, {st_mode=S_IFREG|0644, st_size=195032, ...}) = 0
401294 mmap(NULL, 206512, PROT_READ, MAP_PRIVATE|MAP_DENYWRITE, 3, 0) = 0x799f16f54000
401294 mmap(0x799f16f5b000, 135168, PROT_READ|PROT_EXEC, MAP_PRIVATE|MAP_FIXED|MAP_DENYWRITE, 3, 0x7000) = 0x799f16f5b000
401294 mmap(0x799f16f7c000, 28672, PROT_READ, MAP_PRIVATE|MAP_FIXED|MAP_DENYWRITE, 3, 0x28000) = 0x799f16f7c000
401294 mmap(0x799f16f83000, 8192, PROT_READ|PROT_WRITE, MAP_PRIVATE|MAP_FIXED|MAP_DENYWRITE, 3, 0x2e000) = 0x799f16f83000
401294 mmap(0x799f16f85000, 5808, PROT_READ|PROT_WRITE, MAP_PRIVATE|MAP_FIXED|MAP_ANONYMOUS, -1, 0) = 0x799f16f85000
401294 close(3)                         = 0
401294 openat(AT_FDCWD, "/lib/x86_64-linux-gnu/libm.so.6", O_RDONLY|O_CLOEXEC) = 3
401294 read(3, "\177ELF\2\1\1\3\0\0\0\0\0\0\0\0\3\0>\0\1\0\0\0\0\0\0\0\0\0\0\0"..., 832) = 832
401294 fstat(3, {st_mode=S_IFREG|0644, st_size=1010032, ...}) = 0
401294 mmap(NULL, 8192, PROT_READ|PROT_WRITE, MAP_PRIVATE|MAP_ANONYMOUS, -1, 0) = 0x799f16f52000
401294 mmap(NULL, 1007640, PROT_READ, MAP_PRIVATE|MAP_DENYWRITE, 3, 0) = 0x799f16e5b000
401294 mmap(0x799f16e6c000, 548864, PROT_READ|PROT_EXEC, MAP_PRIVATE|MAP_FIXED|MAP_DENYWRITE, 3, 0x11000) = 0x799f16e6c000
401294 mmap(0x799f16ef2000, 385024, PROT_READ, MAP_PRIVATE|MAP_FIXED|MAP_DENYWRITE, 3, 0x97000) = 0x799f16ef2000
401294 mmap(0x799f16f50000, 8192, PROT_READ|PROT_WRITE, MAP_PRIVATE|MAP_FIXED|MAP_DENYWRITE, 3, 0xf5000) = 0x799f16f50000
401294 close(3)                         = 0
401294 openat(AT_FDCWD, "/lib/x86_64-linux-gnu/libz.so.1", O_RDONLY|O_CLOEXEC) = 3
401294 read(3, "\177ELF\2\1\1\0\0\0\0\0\0\0\0\0\3\0>\0\1\0\0\0\0\0\0\0\0\0\0\0"..., 832) = 832
401294 fstat(3, {st_mode=S_IFREG|0644, st_size=121272, ...}) = 0
401294 mmap(NULL, 118936, PROT_READ, MAP_PRIVATE|MAP_DENYWRITE, 3, 0) = 0x799f16e3d000
401294 mmap(0x799f16e40000, 77824, PROT_READ|PROT_EXEC, MAP_PRIVATE|MAP_FIXED|MAP_DENYWRITE, 3, 0x3000) = 0x799f16e40000
401294 mmap(0x799f16e53000, 24576, PROT_READ, MAP_PRIVATE|MAP_FIXED|MAP_DENYWRITE, 3, 0x16000) = 0x799f16e53000
401294 mmap(0x799f16e59000, 8192, PROT_READ|PROT_WRITE, MAP_PRIVATE|MAP_FIXED|MAP_DENYWRITE, 3, 0x1c000) = 0x799f16e59000
401294 close(3)                         = 0
401294 openat(AT_FDCWD, "/lib/x86_64-linux-gnu/libzstd.so.1", O_RDONLY|O_CLOEXEC) = 3
401294 read(3, "\177ELF\2\1\1\0\0\0\0\0\0\0\0\0\3\0>\0\1\0\0\0\0\0\0\0\0\0\0\0"..., 832) = 832
401294 fstat(3, {st_mode=S_IFREG|0644, st_size=985240, ...}) = 0
401294 mmap(NULL, 983104, PROT_READ, MAP_PRIVATE|MAP_DENYWRITE, 3, 0) = 0x799f1650f000
401294 mmap(0x799f16513000, 909312, PROT_READ|PROT_EXEC, MAP_PRIVATE|MAP_FIXED|MAP_DENYWRITE, 3, 0x4000) = 0x799f16513000
401294 mmap(0x799f165f1000, 53248, PROT_READ, MAP_PRIVATE|MAP_FIXED|MAP_DENYWRITE, 3, 0xe2000) = 0x799f165f1000
401294 mmap(0x799f165fe000, 8192, PROT_READ|PROT_WRITE, MAP_PRIVATE|MAP_FIXED|MAP_DENYWRITE, 3, 0xef000) = 0x799f165fe000
401294 close(3)                         = 0
401294 openat(AT_FDCWD, "/lib/x86_64-linux-gnu/libaudit.so.1", O_RDONLY|O_CLOEXEC) = 3
401294 read(3, "\177ELF\2\1\1\0\0\0\0\0\0\0\0\0\3\0>\0\1\0\0\0\0\0\0\0\0\0\0\0"..., 832) = 832
401294 fstat(3, {st_mode=S_IFREG|0644, st_size=153760, ...}) = 0
401294 mmap(NULL, 200880, PROT_READ, MAP_PRIVATE|MAP_DENYWRITE, 3, 0) = 0x799f164dd000
401294 mmap(0x799f164e0000, 49152, PROT_READ|PROT_EXEC, MAP_PRIVATE|MAP_FIXED|MAP_DENYWRITE, 3, 0x3000) = 0x799f164e0000
401294 mmap(0x799f164ec000, 86016, PROT_READ, MAP_PRIVATE|MAP_FIXED|MAP_DENYWRITE, 3, 0xf000) = 0x799f164ec000
401294 mmap(0x799f16501000, 8192, PROT_READ|PROT_WRITE, MAP_PRIVATE|MAP_FIXED|MAP_DENYWRITE, 3, 0x24000) = 0x799f16501000
401294 mmap(0x799f16503000, 45232, PROT_READ|PROT_WRITE, MAP_PRIVATE|MAP_FIXED|MAP_ANONYMOUS, -1, 0) = 0x799f16503000
401294 close(3)                         = 0
401294 openat(AT_FDCWD, "/lib/x86_64-linux-gnu/libpcre2-8.so.0", O_RDONLY|O_CLOEXEC) = 3
401294 read(3, "\177ELF\2\1\1\0\0\0\0\0\0\0\0\0\3\0>\0\1\0\0\0\0\0\0\0\0\0\0\0"..., 832) = 832
401294 fstat(3, {st_mode=S_IFREG|0644, st_size=776880, ...}) = 0
401294 mmap(NULL, 778928, PROT_READ, MAP_PRIVATE|MAP_DENYWRITE, 3, 0) = 0x799f1641e000
401294 mmap(0x799f16421000, 581632, PROT_READ|PROT_EXEC, MAP_PRIVATE|MAP_FIXED|MAP_DENYWRITE, 3, 0x3000) = 0x799f16421000
401294 mmap(0x799f164af000, 180224, PROT_READ, MAP_PRIVATE|MAP_FIXED|MAP_DENYWRITE, 3, 0x91000) = 0x799f164af000
401294 mmap(0x799f164db000, 8192, PROT_READ|PROT_WRITE, MAP_PRIVATE|MAP_FIXED|MAP_DENYWRITE, 3, 0xbc000) = 0x799f164db000
401294 close(3)                         = 0
401294 openat(AT_FDCWD, "/lib/x86_64-linux-gnu/libcap-ng.so.0", O_RDONLY|O_CLOEXEC) = 3
401294 read(3, "\177ELF\2\1\1\0\0\0\0\0\0\0\0\0\3\0>\0\1\0\0\0\0\0\0\0\0\0\0\0"..., 832) = 832
401294 fstat(3, {st_mode=S_IFREG|0644, st_size=31024, ...}) = 0
401294 mmap(NULL, 8192, PROT_READ|PROT_WRITE, MAP_PRIVATE|MAP_ANONYMOUS, -1, 0) = 0x799f16e3b000
401294 mmap(NULL, 32816, PROT_READ, MAP_PRIVATE|MAP_DENYWRITE, 3, 0) = 0x799f16e32000
401294 mmap(0x799f16e34000, 16384, PROT_READ|PROT_EXEC, MAP_PRIVATE|MAP_FIXED|MAP_DENYWRITE, 3, 0x2000) = 0x799f16e34000
401294 mmap(0x799f16e38000, 4096, PROT_READ, MAP_PRIVATE|MAP_FIXED|MAP_DENYWRITE, 3, 0x6000) = 0x799f16e38000
401294 mmap(0x799f16e39000, 8192, PROT_READ|PROT_WRITE, MAP_PRIVATE|MAP_FIXED|MAP_DENYWRITE, 3, 0x6000) = 0x799f16e39000
401294 close(3)                         = 0
401294 mmap(NULL, 8192, PROT_READ|PROT_WRITE, MAP_PRIVATE|MAP_ANONYMOUS, -1, 0) = 0x799f16e30000
401294 mmap(NULL, 12288, PROT_READ|PROT_WRITE, MAP_PRIVATE|MAP_ANONYMOUS, -1, 0) = 0x799f16e2d000
401294 arch_prctl(ARCH_SET_FS, 0x799f16e2d980) = 0
401294 set_tid_address(0x799f16e2dc50)  = 401294
401294 set_robust_list(0x799f16e2dc60, 24) = 0
401294 rseq(0x799f16e2d6a0, 0x20, 0, 0x53053053) = 0
401294 mprotect(0x799f16e0d000, 16384, PROT_READ) = 0
401294 mprotect(0x799f16e39000, 4096, PROT_READ) = 0
401294 mprotect(0x799f164db000, 4096, PROT_READ) = 0
401294 mprotect(0x799f16501000, 4096, PROT_READ) = 0
401294 mprotect(0x799f165fe000, 4096, PROT_READ) = 0
401294 mprotect(0x799f16e59000, 4096, PROT_READ) = 0
401294 mprotect(0x799f16f50000, 4096, PROT_READ) = 0
401294 mprotect(0x799f16f83000, 4096, PROT_READ) = 0
401294 mprotect(0x799f16fa8000, 4096, PROT_READ) = 0
401294 mprotect(0x799f1744f000, 4096, PROT_READ) = 0
401294 mprotect(0x799f16b6b000, 417792, PROT_READ) = 0
401294 mprotect(0x799f174dd000, 24576, PROT_READ) = 0
401294 mprotect(0x799f16ffd000, 8192, PROT_READ) = 0
401294 mprotect(0x799f17486000, 4096, PROT_READ) = 0
401294 mprotect(0x799f1749e000, 4096, PROT_READ) = 0
401294 mprotect(0x799f174ec000, 4096, PROT_READ) = 0
401294 mprotect(0x799f17413000, 167936, PROT_READ) = 0
401294 mprotect(0x569bde3a9000, 16384, PROT_READ) = 0
401294 mprotect(0x799f17543000, 8192, PROT_READ) = 0
401294 prlimit64(0, RLIMIT_STACK, NULL, {rlim_cur=8192*1024, rlim_max=RLIM64_INFINITY}) = 0
401294 munmap(0x799f174ee000, 75893)    = 0
401294 openat(AT_FDCWD, "/proc/sys/kernel/cap_last_cap", O_RDONLY) = 3
401294 fstatfs(3, {f_type=PROC_SUPER_MAGIC, f_bsize=4096, f_blocks=0, f_bfree=0, f_bavail=0, f_files=0, f_ffree=0, f_fsid={val=[0x19, 0]}, f_namelen=255, f_frsize=4096, f_flags=ST_VALID|ST_NOSUID|ST_NODEV|ST_NOEXEC|ST_RELATIME}) = 0
401294 read(3, "40\n", 7)               = 3
401294 close(3)                         = 0
401294 prctl(PR_CAPBSET_READ, CAP_CHOWN) = 1
401294 prctl(PR_GET_SECUREBITS)         = 0
401294 prctl(PR_GET_NO_NEW_PRIVS, 0, 0, 0, 0) = 0
401294 prctl(PR_CAP_AMBIENT, PR_CAP_AMBIENT_IS_SET, CAP_CHOWN, 0, 0) = 0
401294 statfs("/sys/fs/selinux", 0x7ffed4fafae0) = -1 ENOENT (No such file or directory)
401294 statfs("/selinux", 0x7ffed4fafae0) = -1 ENOENT (No such file or directory)
401294 getrandom("\x2e\x12\x4e\xb6\x1e\x57\x0c\x2c", 8, GRND_NONBLOCK) = 8
401294 brk(NULL)                        = 0x569bf79fa000
401294 brk(0x569bf7a1b000)              = 0x569bf7a1b000
401294 openat(AT_FDCWD, "/proc/filesystems", O_RDONLY|O_CLOEXEC) = 3
401294 fstat(3, {st_mode=S_IFREG|0444, st_size=0, ...}) = 0
401294 read(3, "nodev\tsysfs\nnodev\ttmpfs\nnodev\tbd"..., 1024) = 408
401294 read(3, "", 1024)                = 0
401294 close(3)                         = 0
401294 access("/etc/selinux/config", F_OK) = -1 ENOENT (No such file or directory)
401294 prctl(PR_CAPBSET_READ, CAP_MAC_OVERRIDE) = 1
401294 prctl(PR_CAPBSET_READ, 0x30 /* CAP_??? */) = -1 EINVAL (Invalid argument)
401294 prctl(PR_CAPBSET_READ, CAP_CHECKPOINT_RESTORE) = 1
401294 prctl(PR_CAPBSET_READ, 0x2c /* CAP_??? */) = -1 EINVAL (Invalid argument)
401294 prctl(PR_CAPBSET_READ, 0x2a /* CAP_??? */) = -1 EINVAL (Invalid argument)
401294 prctl(PR_CAPBSET_READ, 0x29 /* CAP_??? */) = -1 EINVAL (Invalid argument)
401294 openat(AT_FDCWD, "/usr/lib/locale/locale-archive", O_RDONLY|O_CLOEXEC) = 3
401294 fstat(3, {st_mode=S_IFREG|0644, st_size=17577664, ...}) = 0
401294 mmap(NULL, 17577664, PROT_READ, MAP_PRIVATE, 3, 0) = 0x799f15200000
401294 close(3)                         = 0
401294 getpid()                         = 401294
401294 prlimit64(0, RLIMIT_NOFILE, {rlim_cur=512*1024, rlim_max=512*1024}, NULL) = 0
401294 rt_sigaction(SIGBUS, {sa_handler=0x799f17227d10, sa_mask=[], sa_flags=SA_RESTORER|SA_SIGINFO, sa_restorer=0x799f16c45810}, {sa_handler=SIG_DFL, sa_mask=[], sa_flags=0}, 8) = 0
401294 openat(AT_FDCWD, "/proc/", O_RDONLY|O_NOCTTY|O_CLOEXEC|O_PATH) = 3
401294 fstatfs(3, {f_type=PROC_SUPER_MAGIC, f_bsize=4096, f_blocks=0, f_bfree=0, f_bavail=0, f_files=0, f_ffree=0, f_fsid={val=[0x19, 0]}, f_namelen=255, f_frsize=4096, f_flags=ST_VALID|ST_NOSUID|ST_NODEV|ST_NOEXEC|ST_RELATIME}) = 0
401294 close(3)                         = 0
401294 openat(AT_FDCWD, "/proc/1/root", O_RDONLY|O_CLOEXEC|O_PATH) = 3
401294 openat(AT_FDCWD, "/", O_RDONLY|O_CLOEXEC|O_PATH) = 4
401294 name_to_handle_at(3, "", {handle_bytes=128 => 8, handle_type=1, f_handle="\x02\x00\x00\x00\x00\x00\x00\x00"}, [32], AT_HANDLE_FID|AT_SYMLINK_FOLLOW|AT_EMPTY_PATH) = 0
401294 name_to_handle_at(4, "", {handle_bytes=128 => 8, handle_type=1, f_handle="\x02\x00\x00\x00\x00\x00\x00\x00"}, [32], AT_HANDLE_FID|AT_SYMLINK_FOLLOW|AT_EMPTY_PATH) = 0
401294 close(4)                         = 0
401294 close(3)                         = 0
401294 faccessat2(AT_FDCWD, "/run/systemd/system/", F_OK, AT_SYMLINK_NOFOLLOW) = 0
401294 geteuid()                        = 0
401294 rt_sigprocmask(SIG_BLOCK, ~[], [], 8) = 0
401294 mmap(NULL, 4096, PROT_READ|PROT_WRITE, MAP_DROPPABLE|MAP_ANONYMOUS, -1, 0) = 0x799f17500000
401294 mmap(NULL, 4096, PROT_READ|PROT_WRITE, MAP_PRIVATE|MAP_ANONYMOUS, -1, 0) = 0x799f174ff000
401294 rt_sigprocmask(SIG_SETMASK, [], NULL, 8) = 0
401294 getrandom("\x10\x3f\xa9\x2f\x6e\xfd\x2d\xd4\xa6\xfc\xb9\x69\xa3\x8c\xf4\xa7\xaf\xb1\xa3\xa9\x44\xd7\xe5\x6d\x63\x05\x49\x55\xab\x2a\xc3\x0d", 32, 0) = 32
401294 futex(0x799f1743ed18, FUTEX_WAKE_PRIVATE, 2147483647) = 0
401294 socket(AF_UNIX, SOCK_STREAM|SOCK_CLOEXEC|SOCK_NONBLOCK, 0) = 3
401294 prctl(PR_GET_NAME, "systemctl")  = 0
401294 bind(3, {sa_family=AF_UNIX, sun_path=@"36484649030fb694/bus/systemctl/"}, 34) = 0
401294 getsockopt(3, SOL_SOCKET, SO_RCVBUF, [212992], [4]) = 0
401294 setsockopt(3, SOL_SOCKET, SO_RCVBUF, [8388608], 4) = 0
401294 getsockopt(3, SOL_SOCKET, SO_RCVBUF, [425984], [4]) = 0
401294 setsockopt(3, SOL_SOCKET, SO_RCVBUFFORCE, [8388608], 4) = 0
401294 getsockopt(3, SOL_SOCKET, SO_SNDBUF, [212992], [4]) = 0
401294 setsockopt(3, SOL_SOCKET, SO_SNDBUF, [8388608], 4) = 0
401294 getsockopt(3, SOL_SOCKET, SO_SNDBUF, [425984], [4]) = 0
401294 setsockopt(3, SOL_SOCKET, SO_SNDBUFFORCE, [8388608], 4) = 0
401294 connect(3, {sa_family=AF_UNIX, sun_path="/run/systemd/private"}, 23) = 0
401294 getsockopt(3, SOL_SOCKET, SO_PEERCRED, {pid=1, uid=0, gid=0}, [12]) = 0
401294 getsockopt(3, SOL_SOCKET, SO_PEERSEC, "unconfined", [64 => 10]) = 0
401294 openat(AT_FDCWD, "/proc/sys/kernel/ngroups_max", O_RDONLY|O_CLOEXEC) = 4
401294 read(4, "65536\n", 31)           = 6
401294 close(4)                         = 0
401294 mmap(NULL, 266240, PROT_READ|PROT_WRITE, MAP_PRIVATE|MAP_ANONYMOUS, -1, 0) = 0x799f163dd000
401294 getsockopt(3, SOL_SOCKET, SO_PEERGROUPS, 0x799f163dd010, [262144 => 0]) = 0
401294 getsockopt(3, SOL_SOCKET, SO_PEERPIDFD, [4], [4]) = 0
401294 getpeername(3, {sa_family=AF_UNIX, sun_path="/run/systemd/private"}, [127 => 23]) = 0
401294 clock_gettime(CLOCK_MONOTONIC, {tv_sec=132915, tv_nsec=805868332}) = 0
401294 fstat(3, {st_mode=S_IFSOCK|0777, st_size=0, ...}) = 0
401294 getsockopt(3, SOL_SOCKET, SO_ACCEPTCONN, [0], [4]) = 0
401294 getsockname(3, {sa_family=AF_UNIX, sun_path=@"36484649030fb694/bus/systemctl/"}, [128 => 34]) = 0
401294 sendmsg(3, {msg_name=NULL, msg_namelen=0, msg_iov=[{iov_base="\0AUTH EXTERNAL\r\nDATA\r\n", iov_len=22}, {iov_base="NEGOTIATE_UNIX_FD\r\n", iov_len=19}, {iov_base="BEGIN\r\n", iov_len=7}], msg_iovlen=3, msg_controllen=0, msg_flags=0}, MSG_DONTWAIT|MSG_NOSIGNAL) = 48
401294 getsockopt(3, SOL_SOCKET, SO_PEERCRED, {pid=1, uid=0, gid=0}, [12]) = 0
401294 openat(AT_FDCWD, "/proc/self/stat", O_RDONLY|O_CLOEXEC) = 5
401294 fstat(5, {st_mode=S_IFREG|0444, st_size=0, ...}) = 0
401294 read(5, "401294 (systemctl) R 401292 4012"..., 1024) = 325
401294 ioctl(5, TCGETS, 0x7ffed4faf3a0) = -1 ENOTTY (Inappropriate ioctl for device)
401294 read(5, "", 1024)                = 0
401294 close(5)                         = 0
401294 gettid()                         = 401294
401294 rt_sigprocmask(SIG_BLOCK, ~[RTMIN RT_1], [], 8) = 0
401294 rt_sigprocmask(SIG_BLOCK, ~[], ~[KILL STOP RTMIN RT_1], 8) = 0
401294 clone(child_stack=NULL, flags=CLONE_CHILD_CLEARTID|CLONE_CHILD_SETTID|SIGCHLD, child_tidptr=0x799f16e2dc50) = 401295
401294 rt_sigprocmask(SIG_SETMASK, ~[KILL STOP RTMIN RT_1],  <unfinished ...>
401295 set_robust_list(0x799f16e2dc60, 24 <unfinished ...>
401294 <... rt_sigprocmask resumed>NULL, 8) = 0
401295 <... set_robust_list resumed>)   = 0
401294 rt_sigprocmask(SIG_SETMASK, [],  <unfinished ...>
401295 rt_sigprocmask(SIG_SETMASK, ~[KILL STOP RTMIN RT_1],  <unfinished ...>
401294 <... rt_sigprocmask resumed>NULL, 8) = 0
401295 <... rt_sigprocmask resumed>NULL, 8) = 0
401294 geteuid()                        = 0
401295 getpid()                         = 401295
401294 futex(0x799f1743e060, FUTEX_WAKE_PRIVATE, 2147483647 <unfinished ...>
401295 prctl(PR_SET_NAME, "(sd-askpwagent)"... <unfinished ...>
401294 <... futex resumed>)             = 0
401295 <... prctl resumed>)             = 0
401294 clock_gettime(CLOCK_MONOTONIC,  <unfinished ...>
401295 capget({version=_LINUX_CAPABILITY_VERSION_3, pid=0},  <unfinished ...>
401294 <... clock_gettime resumed>{tv_sec=132915, tv_nsec=807273139}) = 0
401294 recvmsg(3,  <unfinished ...>
401295 <... capget resumed>NULL)        = 0
401294 <... recvmsg resumed>{msg_name=NULL, msg_namelen=0, msg_iov=[{iov_base="DATA\r\nOK c31d9d52dfbf4b84a7f3481"..., iov_len=256}], msg_iovlen=1, msg_controllen=0, msg_flags=MSG_CMSG_CLOEXEC}, MSG_DONTWAIT|MSG_CMSG_CLOEXEC) = 58
401295 capget({version=_LINUX_CAPABILITY_VERSION_3, pid=0},  <unfinished ...>
401294 clock_gettime(CLOCK_MONOTONIC,  <unfinished ...>
401295 <... capget resumed>{effective=1<<CAP_CHOWN|1<<CAP_DAC_OVERRIDE|1<<CAP_DAC_READ_SEARCH|1<<CAP_FOWNER|1<<CAP_FSETID|1<<CAP_KILL|1<<CAP_SETGID|1<<CAP_SETUID|1<<CAP_SETPCAP|1<<CAP_LINUX_IMMUTABLE|1<<CAP_NET_BIND_SERVICE|1<<CAP_NET_BROADCAST|1<<CAP_NET_ADMIN|1<<CAP_NET_RAW|1<<CAP_IPC_LOCK|1<<CAP_IPC_OWNER|1<<CAP_SYS_MODULE|1<<CAP_SYS_RAWIO|1<<CAP_SYS_CHROOT|1<<CAP_SYS_PTRACE|1<<CAP_SYS_PACCT|1<<CAP_SYS_ADMIN|1<<CAP_SYS_BOOT|1<<CAP_SYS_NICE|1<<CAP_SYS_RESOURCE|1<<CAP_SYS_TIME|1<<CAP_SYS_TTY_CONFIG|1<<CAP_MKNOD|1<<CAP_LEASE|1<<CAP_AUDIT_WRITE|1<<CAP_AUDIT_CONTROL|1<<CAP_SETFCAP|1<<CAP_MAC_OVERRIDE|1<<CAP_MAC_ADMIN|1<<CAP_SYSLOG|1<<CAP_WAKE_ALARM|1<<CAP_BLOCK_SUSPEND|1<<CAP_AUDIT_READ|1<<CAP_PERFMON|1<<CAP_BPF|1<<CAP_CHECKPOINT_RESTORE, permitted=1<<CAP_CHOWN|1<<CAP_DAC_OVERRIDE|1<<CAP_DAC_READ_SEARCH|1<<CAP_FOWNER|1<<CAP_FSETID|1<<CAP_KILL|1<<CAP_SETGID|1<<CAP_SETUID|1<<CAP_SETPCAP|1<<CAP_LINUX_IMMUTABLE|1<<CAP_NET_BIND_SERVICE|1<<CAP_NET_BROADCAST|1<<CAP_NET_ADMIN|1<<CAP_NET_RAW|1<<CAP_IPC_LOCK|1<<CAP_IPC_OWNER|1<<CAP_SYS_MODULE|1<<CAP_SYS_RAWIO|1<<CAP_SYS_CHROOT|1<<CAP_SYS_PTRACE|1<<CAP_SYS_PACCT|1<<CAP_SYS_ADMIN|1<<CAP_SYS_BOOT|1<<CAP_SYS_NICE|1<<CAP_SYS_RESOURCE|1<<CAP_SYS_TIME|1<<CAP_SYS_TTY_CONFIG|1<<CAP_MKNOD|1<<CAP_LEASE|1<<CAP_AUDIT_WRITE|1<<CAP_AUDIT_CONTROL|1<<CAP_SETFCAP|1<<CAP_MAC_OVERRIDE|1<<CAP_MAC_ADMIN|1<<CAP_SYSLOG|1<<CAP_WAKE_ALARM|1<<CAP_BLOCK_SUSPEND|1<<CAP_AUDIT_READ|1<<CAP_PERFMON|1<<CAP_BPF|1<<CAP_CHECKPOINT_RESTORE, inheritable=0}) = 0
401294 <... clock_gettime resumed>{tv_sec=132915, tv_nsec=807374131}) = 0
401294 sendmsg(3, {msg_name=NULL, msg_namelen=0, msg_iov=[{iov_base="l\1\4\1 \0\0\0\1\0\0\0\240\0\0\0\1\1o\0\31\0\0\0/org/fre"..., iov_len=176}, {iov_base="\r\0\0\0mysql.service\0\0\0\7\0\0\0replace\0", iov_len=32}], msg_iovlen=2, msg_controllen=0, msg_flags=0}, MSG_DONTWAIT|MSG_NOSIGNAL <unfinished ...>
401295 mmap(NULL, 4096, PROT_READ|PROT_WRITE, MAP_PRIVATE|MAP_ANONYMOUS, -1, 0 <unfinished ...>
401294 <... sendmsg resumed>)           = 208
401295 <... mmap resumed>)              = 0x799f174fe000
401294 clock_gettime(CLOCK_MONOTONIC,  <unfinished ...>
401295 prctl(PR_SET_MM, PR_SET_MM_ARG_START, 0x799f174fe000, 0, 0 <unfinished ...>
401294 <... clock_gettime resumed>{tv_sec=132915, tv_nsec=807474425}) = 0
401295 <... prctl resumed>)             = 0
401294 recvmsg(3,  <unfinished ...>
401295 prctl(PR_SET_MM, PR_SET_MM_ARG_END, 0x799f174fe010, 0, 0 <unfinished ...>
401294 <... recvmsg resumed>{msg_namelen=0}, MSG_DONTWAIT|MSG_CMSG_CLOEXEC) = -1 EAGAIN (Resource temporarily unavailable)
401295 <... prctl resumed>)             = 0
401294 clock_gettime(CLOCK_MONOTONIC,  <unfinished ...>
401295 prctl(PR_SET_PDEATHSIG, SIGTERM <unfinished ...>
401294 <... clock_gettime resumed>{tv_sec=132915, tv_nsec=807569690}) = 0
401295 <... prctl resumed>)             = 0
401294 ppoll([{fd=3, events=POLLIN}], 1, {tv_sec=24, tv_nsec=999905000}, NULL, 8 <unfinished ...>
401295 rt_sigaction(SIGHUP, {sa_handler=SIG_DFL, sa_mask=[], sa_flags=SA_RESTORER|SA_RESTART, sa_restorer=0x799f16c45810}, NULL, 8) = 0
401295 rt_sigaction(SIGINT, {sa_handler=SIG_DFL, sa_mask=[], sa_flags=SA_RESTORER|SA_RESTART, sa_restorer=0x799f16c45810}, NULL, 8) = 0
401295 rt_sigaction(SIGQUIT, {sa_handler=SIG_DFL, sa_mask=[], sa_flags=SA_RESTORER|SA_RESTART, sa_restorer=0x799f16c45810}, NULL, 8) = 0
401295 rt_sigaction(SIGILL, {sa_handler=SIG_DFL, sa_mask=[], sa_flags=SA_RESTORER|SA_RESTART, sa_restorer=0x799f16c45810}, NULL, 8) = 0
401295 rt_sigaction(SIGTRAP, {sa_handler=SIG_DFL, sa_mask=[], sa_flags=SA_RESTORER|SA_RESTART, sa_restorer=0x799f16c45810}, NULL, 8) = 0
401295 rt_sigprocmask(SIG_BLOCK, ~[], ~[KILL STOP RTMIN RT_1], 8) = 0
401295 rt_sigaction(SIGABRT, {sa_handler=SIG_DFL, sa_mask=[], sa_flags=SA_RESTORER|SA_RESTART, sa_restorer=0x799f16c45810},  <unfinished ...>
401294 <... ppoll resumed>)             = 1 ([{fd=3, revents=POLLIN}], left {tv_sec=24, tv_nsec=999625561})
401294 recvmsg(3,  <unfinished ...>
401295 <... rt_sigaction resumed>NULL, 8) = 0
401294 <... recvmsg resumed>{msg_name=NULL, msg_namelen=0, msg_iov=[{iov_base="l\4\1\1H\0\0\0\1\0\0\0\256\0\0\0\1\1o\0$\0\0\0", iov_len=24}], msg_iovlen=1, msg_controllen=0, msg_flags=MSG_CMSG_CLOEXEC}, MSG_DONTWAIT|MSG_CMSG_CLOEXEC) = 24
401295 rt_sigprocmask(SIG_SETMASK, ~[KILL STOP RTMIN RT_1],  <unfinished ...>
401294 recvmsg(3,  <unfinished ...>
401295 <... rt_sigprocmask resumed>NULL, 8) = 0
401294 <... recvmsg resumed>{msg_name=NULL, msg_namelen=0, msg_iov=[{iov_base="/org/freedesktop/systemd1/job/14"..., iov_len=240}], msg_iovlen=1, msg_controllen=0, msg_flags=MSG_CMSG_CLOEXEC}, MSG_DONTWAIT|MSG_CMSG_CLOEXEC) = 240
401295 rt_sigaction(SIGBUS, {sa_handler=SIG_DFL, sa_mask=[], sa_flags=SA_RESTORER|SA_RESTART, sa_restorer=0x799f16c45810},  <unfinished ...>
401294 recvmsg(3,  <unfinished ...>
401295 <... rt_sigaction resumed>NULL, 8) = 0
401294 <... recvmsg resumed>{msg_name=NULL, msg_namelen=0, msg_iov=[{iov_base="l\2\1\1)\0\0\0\2\0\0\0007\0\0\0\5\1u\0\1\0\0\0", iov_len=24}], msg_iovlen=1, msg_controllen=0, msg_flags=MSG_CMSG_CLOEXEC}, MSG_DONTWAIT|MSG_CMSG_CLOEXEC) = 24
401295 rt_sigaction(SIGFPE, {sa_handler=SIG_DFL, sa_mask=[], sa_flags=SA_RESTORER|SA_RESTART, sa_restorer=0x799f16c45810},  <unfinished ...>
401294 recvmsg(3,  <unfinished ...>
401295 <... rt_sigaction resumed>NULL, 8) = 0
401294 <... recvmsg resumed>{msg_name=NULL, msg_namelen=0, msg_iov=[{iov_base="\7\1s\0\30\0\0\0org.freedesktop.systemd1"..., iov_len=89}], msg_iovlen=1, msg_controllen=0, msg_flags=MSG_CMSG_CLOEXEC}, MSG_DONTWAIT|MSG_CMSG_CLOEXEC) = 89
401295 rt_sigaction(SIGUSR1, {sa_handler=SIG_DFL, sa_mask=[], sa_flags=SA_RESTORER|SA_RESTART, sa_restorer=0x799f16c45810},  <unfinished ...>
401294 sendmsg(3, {msg_name=NULL, msg_namelen=0, msg_iov=[{iov_base="l\1\4\1\22\0\0\0\2\0\0\0\227\0\0\0\1\1o\0\31\0\0\0/org/fre"..., iov_len=168}, {iov_base="\r\0\0\0mysql.service\0", iov_len=18}], msg_iovlen=2, msg_controllen=0, msg_flags=0}, MSG_DONTWAIT|MSG_NOSIGNAL <unfinished ...>
401295 <... rt_sigaction resumed>NULL, 8) = 0
401294 <... sendmsg resumed>)           = 186
401295 rt_sigaction(SIGSEGV, {sa_handler=SIG_DFL, sa_mask=[], sa_flags=SA_RESTORER|SA_RESTART, sa_restorer=0x799f16c45810},  <unfinished ...>
401294 clock_gettime(CLOCK_MONOTONIC, {tv_sec=132915, tv_nsec=808225090}) = 0
401295 <... rt_sigaction resumed>NULL, 8) = 0
401294 recvmsg(3,  <unfinished ...>
401295 rt_sigaction(SIGUSR2, {sa_handler=SIG_DFL, sa_mask=[], sa_flags=SA_RESTORER|SA_RESTART, sa_restorer=0x799f16c45810},  <unfinished ...>
401294 <... recvmsg resumed>{msg_name=NULL, msg_namelen=0, msg_iov=[{iov_base="l\2\1\0013\0\0\0\3\0\0\0007\0\0\0\5\1u\0\2\0\0\0", iov_len=24}], msg_iovlen=1, msg_controllen=0, msg_flags=MSG_CMSG_CLOEXEC}, MSG_DONTWAIT|MSG_CMSG_CLOEXEC) = 24
401295 <... rt_sigaction resumed>NULL, 8) = 0
401294 recvmsg(3,  <unfinished ...>
401295 rt_sigaction(SIGPIPE, {sa_handler=SIG_DFL, sa_mask=[], sa_flags=SA_RESTORER|SA_RESTART, sa_restorer=0x799f16c45810},  <unfinished ...>
401294 <... recvmsg resumed>{msg_name=NULL, msg_namelen=0, msg_iov=[{iov_base="\7\1s\0\30\0\0\0org.freedesktop.systemd1"..., iov_len=99}], msg_iovlen=1, msg_controllen=0, msg_flags=MSG_CMSG_CLOEXEC}, MSG_DONTWAIT|MSG_CMSG_CLOEXEC) = 99
401295 <... rt_sigaction resumed>NULL, 8) = 0
401294 sendmsg(3, {msg_name=NULL, msg_namelen=0, msg_iov=[{iov_base="l\1\4\19\0\0\0\3\0\0\0\240\0\0\0\1\1o\0.\0\0\0/org/fre"..., iov_len=176}, {iov_base="\35\0\0\0org.freedesktop.systemd1.Uni"..., iov_len=57}], msg_iovlen=2, msg_controllen=0, msg_flags=0}, MSG_DONTWAIT|MSG_NOSIGNAL <unfinished ...>
401295 rt_sigaction(SIGALRM, {sa_handler=SIG_DFL, sa_mask=[], sa_flags=SA_RESTORER|SA_RESTART, sa_restorer=0x799f16c45810},  <unfinished ...>
401294 <... sendmsg resumed>)           = 233
401295 <... rt_sigaction resumed>NULL, 8) = 0
401294 clock_gettime(CLOCK_MONOTONIC,  <unfinished ...>
401295 rt_sigaction(SIGTERM, {sa_handler=SIG_DFL, sa_mask=[], sa_flags=SA_RESTORER|SA_RESTART, sa_restorer=0x799f16c45810},  <unfinished ...>
401294 <... clock_gettime resumed>{tv_sec=132915, tv_nsec=808437201}) = 0
401295 <... rt_sigaction resumed>NULL, 8) = 0
401294 recvmsg(3, {msg_namelen=0}, MSG_DONTWAIT|MSG_CMSG_CLOEXEC) = -1 EAGAIN (Resource temporarily unavailable)
401295 rt_sigaction(SIGSTKFLT, {sa_handler=SIG_DFL, sa_mask=[], sa_flags=SA_RESTORER|SA_RESTART, sa_restorer=0x799f16c45810},  <unfinished ...>
401294 clock_gettime(CLOCK_MONOTONIC, {tv_sec=132915, tv_nsec=808500827}) = 0
401295 <... rt_sigaction resumed>NULL, 8) = 0
401294 ppoll([{fd=3, events=POLLIN}], 1, {tv_sec=24, tv_nsec=999937000}, NULL, 8 <unfinished ...>
401295 rt_sigaction(SIGCHLD, {sa_handler=SIG_DFL, sa_mask=[], sa_flags=SA_RESTORER|SA_RESTART, sa_restorer=0x799f16c45810}, NULL, 8) = 0
401295 rt_sigaction(SIGCONT, {sa_handler=SIG_DFL, sa_mask=[], sa_flags=SA_RESTORER|SA_RESTART, sa_restorer=0x799f16c45810}, NULL, 8) = 0
401295 rt_sigaction(SIGTSTP, {sa_handler=SIG_DFL, sa_mask=[], sa_flags=SA_RESTORER|SA_RESTART, sa_restorer=0x799f16c45810}, NULL, 8) = 0
401295 rt_sigaction(SIGTTIN, {sa_handler=SIG_DFL, sa_mask=[], sa_flags=SA_RESTORER|SA_RESTART, sa_restorer=0x799f16c45810}, NULL, 8) = 0
401295 rt_sigaction(SIGTTOU, {sa_handler=SIG_DFL, sa_mask=[], sa_flags=SA_RESTORER|SA_RESTART, sa_restorer=0x799f16c45810}, NULL, 8) = 0
401295 rt_sigaction(SIGURG, {sa_handler=SIG_DFL, sa_mask=[], sa_flags=SA_RESTORER|SA_RESTART, sa_restorer=0x799f16c45810}, NULL, 8) = 0
401295 rt_sigaction(SIGXCPU, {sa_handler=SIG_DFL, sa_mask=[], sa_flags=SA_RESTORER|SA_RESTART, sa_restorer=0x799f16c45810}, NULL, 8) = 0
401295 rt_sigaction(SIGXFSZ, {sa_handler=SIG_DFL, sa_mask=[], sa_flags=SA_RESTORER|SA_RESTART, sa_restorer=0x799f16c45810}, NULL, 8) = 0
401294 <... ppoll resumed>)             = 1 ([{fd=3, revents=POLLIN}], left {tv_sec=24, tv_nsec=999604970})
401295 rt_sigaction(SIGVTALRM, {sa_handler=SIG_DFL, sa_mask=[], sa_flags=SA_RESTORER|SA_RESTART, sa_restorer=0x799f16c45810},  <unfinished ...>
401294 recvmsg(3,  <unfinished ...>
401295 <... rt_sigaction resumed>NULL, 8) = 0
401294 <... recvmsg resumed>{msg_name=NULL, msg_namelen=0, msg_iov=[{iov_base="l\2\1\1\10\0\0\0\4\0\0\0007\0\0\0\5\1u\0\3\0\0\0", iov_len=24}], msg_iovlen=1, msg_controllen=0, msg_flags=MSG_CMSG_CLOEXEC}, MSG_DONTWAIT|MSG_CMSG_CLOEXEC) = 24
401295 rt_sigaction(SIGPROF, {sa_handler=SIG_DFL, sa_mask=[], sa_flags=SA_RESTORER|SA_RESTART, sa_restorer=0x799f16c45810},  <unfinished ...>
401294 recvmsg(3,  <unfinished ...>
401295 <... rt_sigaction resumed>NULL, 8) = 0
401294 <... recvmsg resumed>{msg_name=NULL, msg_namelen=0, msg_iov=[{iov_base="\7\1s\0\30\0\0\0org.freedesktop.systemd1"..., iov_len=56}], msg_iovlen=1, msg_controllen=0, msg_flags=MSG_CMSG_CLOEXEC}, MSG_DONTWAIT|MSG_CMSG_CLOEXEC) = 56
401295 rt_sigaction(SIGWINCH, {sa_handler=SIG_DFL, sa_mask=[], sa_flags=SA_RESTORER|SA_RESTART, sa_restorer=0x799f16c45810},  <unfinished ...>
401294 recvmsg(3,  <unfinished ...>
401295 <... rt_sigaction resumed>NULL, 8) = 0
401294 <... recvmsg resumed>{msg_namelen=0}, MSG_DONTWAIT|MSG_CMSG_CLOEXEC) = -1 EAGAIN (Resource temporarily unavailable)
401295 rt_sigaction(SIGIO, {sa_handler=SIG_DFL, sa_mask=[], sa_flags=SA_RESTORER|SA_RESTART, sa_restorer=0x799f16c45810},  <unfinished ...>
401294 ppoll([{fd=3, events=POLLIN}], 1, NULL, NULL, 8 <unfinished ...>
401295 <... rt_sigaction resumed>NULL, 8) = 0
401295 rt_sigaction(SIGPWR, {sa_handler=SIG_DFL, sa_mask=[], sa_flags=SA_RESTORER|SA_RESTART, sa_restorer=0x799f16c45810}, NULL, 8) = 0
401295 rt_sigaction(SIGSYS, {sa_handler=SIG_DFL, sa_mask=[], sa_flags=SA_RESTORER|SA_RESTART, sa_restorer=0x799f16c45810}, NULL, 8) = 0
401295 rt_sigaction(SIGRT_2, {sa_handler=SIG_DFL, sa_mask=[], sa_flags=SA_RESTORER|SA_RESTART, sa_restorer=0x799f16c45810}, NULL, 8) = 0
401295 rt_sigaction(SIGRT_3, {sa_handler=SIG_DFL, sa_mask=[], sa_flags=SA_RESTORER|SA_RESTART, sa_restorer=0x799f16c45810}, NULL, 8) = 0
401295 rt_sigaction(SIGRT_4, {sa_handler=SIG_DFL, sa_mask=[], sa_flags=SA_RESTORER|SA_RESTART, sa_restorer=0x799f16c45810}, NULL, 8) = 0
401295 rt_sigaction(SIGRT_5, {sa_handler=SIG_DFL, sa_mask=[], sa_flags=SA_RESTORER|SA_RESTART, sa_restorer=0x799f16c45810}, NULL, 8) = 0
401295 rt_sigaction(SIGRT_6, {sa_handler=SIG_DFL, sa_mask=[], sa_flags=SA_RESTORER|SA_RESTART, sa_restorer=0x799f16c45810}, NULL, 8) = 0
401295 rt_sigaction(SIGRT_7, {sa_handler=SIG_DFL, sa_mask=[], sa_flags=SA_RESTORER|SA_RESTART, sa_restorer=0x799f16c45810}, NULL, 8) = 0
401295 rt_sigaction(SIGRT_8, {sa_handler=SIG_DFL, sa_mask=[], sa_flags=SA_RESTORER|SA_RESTART, sa_restorer=0x799f16c45810}, NULL, 8) = 0
401295 rt_sigaction(SIGRT_9, {sa_handler=SIG_DFL, sa_mask=[], sa_flags=SA_RESTORER|SA_RESTART, sa_restorer=0x799f16c45810}, NULL, 8) = 0
401295 rt_sigaction(SIGRT_10, {sa_handler=SIG_DFL, sa_mask=[], sa_flags=SA_RESTORER|SA_RESTART, sa_restorer=0x799f16c45810}, NULL, 8) = 0
401295 rt_sigaction(SIGRT_11, {sa_handler=SIG_DFL, sa_mask=[], sa_flags=SA_RESTORER|SA_RESTART, sa_restorer=0x799f16c45810}, NULL, 8) = 0
401295 rt_sigaction(SIGRT_12, {sa_handler=SIG_DFL, sa_mask=[], sa_flags=SA_RESTORER|SA_RESTART, sa_restorer=0x799f16c45810}, NULL, 8) = 0
401295 rt_sigaction(SIGRT_13, {sa_handler=SIG_DFL, sa_mask=[], sa_flags=SA_RESTORER|SA_RESTART, sa_restorer=0x799f16c45810}, NULL, 8) = 0
401295 rt_sigaction(SIGRT_14, {sa_handler=SIG_DFL, sa_mask=[], sa_flags=SA_RESTORER|SA_RESTART, sa_restorer=0x799f16c45810}, NULL, 8) = 0
401295 rt_sigaction(SIGRT_15, {sa_handler=SIG_DFL, sa_mask=[], sa_flags=SA_RESTORER|SA_RESTART, sa_restorer=0x799f16c45810}, NULL, 8) = 0
401295 rt_sigaction(SIGRT_16, {sa_handler=SIG_DFL, sa_mask=[], sa_flags=SA_RESTORER|SA_RESTART, sa_restorer=0x799f16c45810}, NULL, 8) = 0
401295 rt_sigaction(SIGRT_17, {sa_handler=SIG_DFL, sa_mask=[], sa_flags=SA_RESTORER|SA_RESTART, sa_restorer=0x799f16c45810}, NULL, 8) = 0
401295 rt_sigaction(SIGRT_18, {sa_handler=SIG_DFL, sa_mask=[], sa_flags=SA_RESTORER|SA_RESTART, sa_restorer=0x799f16c45810}, NULL, 8) = 0
401295 rt_sigaction(SIGRT_19, {sa_handler=SIG_DFL, sa_mask=[], sa_flags=SA_RESTORER|SA_RESTART, sa_restorer=0x799f16c45810}, NULL, 8) = 0
401295 rt_sigaction(SIGRT_20, {sa_handler=SIG_DFL, sa_mask=[], sa_flags=SA_RESTORER|SA_RESTART, sa_restorer=0x799f16c45810}, NULL, 8) = 0
401295 rt_sigaction(SIGRT_21, {sa_handler=SIG_DFL, sa_mask=[], sa_flags=SA_RESTORER|SA_RESTART, sa_restorer=0x799f16c45810}, NULL, 8) = 0
401295 rt_sigaction(SIGRT_22, {sa_handler=SIG_DFL, sa_mask=[], sa_flags=SA_RESTORER|SA_RESTART, sa_restorer=0x799f16c45810}, NULL, 8) = 0
401295 rt_sigaction(SIGRT_23, {sa_handler=SIG_DFL, sa_mask=[], sa_flags=SA_RESTORER|SA_RESTART, sa_restorer=0x799f16c45810}, NULL, 8) = 0
401295 rt_sigaction(SIGRT_24, {sa_handler=SIG_DFL, sa_mask=[], sa_flags=SA_RESTORER|SA_RESTART, sa_restorer=0x799f16c45810}, NULL, 8) = 0
401295 rt_sigaction(SIGRT_25, {sa_handler=SIG_DFL, sa_mask=[], sa_flags=SA_RESTORER|SA_RESTART, sa_restorer=0x799f16c45810}, NULL, 8) = 0
401295 rt_sigaction(SIGRT_26, {sa_handler=SIG_DFL, sa_mask=[], sa_flags=SA_RESTORER|SA_RESTART, sa_restorer=0x799f16c45810}, NULL, 8) = 0
401295 rt_sigaction(SIGRT_27, {sa_handler=SIG_DFL, sa_mask=[], sa_flags=SA_RESTORER|SA_RESTART, sa_restorer=0x799f16c45810}, NULL, 8) = 0
401295 rt_sigaction(SIGRT_28, {sa_handler=SIG_DFL, sa_mask=[], sa_flags=SA_RESTORER|SA_RESTART, sa_restorer=0x799f16c45810}, NULL, 8) = 0
401295 rt_sigaction(SIGRT_29, {sa_handler=SIG_DFL, sa_mask=[], sa_flags=SA_RESTORER|SA_RESTART, sa_restorer=0x799f16c45810}, NULL, 8) = 0
401295 rt_sigaction(SIGRT_30, {sa_handler=SIG_DFL, sa_mask=[], sa_flags=SA_RESTORER|SA_RESTART, sa_restorer=0x799f16c45810}, NULL, 8) = 0
401295 rt_sigaction(SIGRT_31, {sa_handler=SIG_DFL, sa_mask=[], sa_flags=SA_RESTORER|SA_RESTART, sa_restorer=0x799f16c45810}, NULL, 8) = 0
401295 rt_sigaction(SIGRT_32, {sa_handler=SIG_DFL, sa_mask=[], sa_flags=SA_RESTORER|SA_RESTART, sa_restorer=0x799f16c45810}, NULL, 8) = 0
401295 rt_sigprocmask(SIG_SETMASK, [], NULL, 8) = 0
401295 getppid()                        = 401294
401295 close_range(3, 2147483647, 0)    = 0
401295 prlimit64(0, RLIMIT_NOFILE, NULL, {rlim_cur=512*1024, rlim_max=512*1024}) = 0
401295 openat(AT_FDCWD, "/proc/sys/fs/nr_open", O_RDONLY|O_CLOEXEC) = 3
401295 fstat(3, {st_mode=S_IFREG|0644, st_size=0, ...}) = 0
401295 read(3, "1073741816\n", 1024)    = 11
401295 ioctl(3, TCGETS, 0x7ffed4faf0f0) = -1 ENOTTY (Inappropriate ioctl for device)
401295 read(3, "", 1024)                = 0
401295 close(3)                         = 0
401295 prlimit64(0, RLIMIT_NOFILE, {rlim_cur=1024, rlim_max=512*1024}, NULL) = 0
401295 ioctl(0, TCGETS, {c_iflag=ICRNL|IXON|IXANY|IMAXBEL|IUTF8, c_oflag=NL0|CR0|TAB0|BS0|VT0|FF0|OPOST|ONLCR, c_cflag=B38400|CS8|CREAD, c_lflag=ISIG|ICANON|ECHO|ECHOE|ECHOK|IEXTEN|ECHOCTL|ECHOKE, ...}) = 0
401295 ioctl(1, TCGETS, {c_iflag=ICRNL|IXON|IXANY|IMAXBEL|IUTF8, c_oflag=NL0|CR0|TAB0|BS0|VT0|FF0|OPOST|ONLCR, c_cflag=B38400|CS8|CREAD, c_lflag=ISIG|ICANON|ECHO|ECHOE|ECHOK|IEXTEN|ECHOCTL|ECHOKE, ...}) = 0
401295 ioctl(2, TCGETS, {c_iflag=ICRNL|IXON|IXANY|IMAXBEL|IUTF8, c_oflag=NL0|CR0|TAB0|BS0|VT0|FF0|OPOST|ONLCR, c_cflag=B38400|CS8|CREAD, c_lflag=ISIG|ICANON|ECHO|ECHOE|ECHOK|IEXTEN|ECHOCTL|ECHOKE, ...}) = 0
401295 execve("/usr/bin/systemd-tty-ask-password-agent", ["/usr/bin/systemd-tty-ask-passwor"..., "--watch"], 0x7ffed4fafca8 /* 19 vars */) = 0
401295 brk(NULL)                        = 0x557bc2497000
401295 mmap(NULL, 8192, PROT_READ|PROT_WRITE, MAP_PRIVATE|MAP_ANONYMOUS, -1, 0) = 0x74fdc5a63000
401295 access("/etc/ld.so.preload", R_OK) = -1 ENOENT (No such file or directory)
401295 openat(AT_FDCWD, "/usr/lib/x86_64-linux-gnu/systemd/glibc-hwcaps/x86-64-v3/libsystemd-shared-257.so", O_RDONLY|O_CLOEXEC) = -1 ENOENT (No such file or directory)
401295 newfstatat(AT_FDCWD, "/usr/lib/x86_64-linux-gnu/systemd/glibc-hwcaps/x86-64-v3/", 0x7ffc9da197b0, 0) = -1 ENOENT (No such file or directory)
401295 openat(AT_FDCWD, "/usr/lib/x86_64-linux-gnu/systemd/glibc-hwcaps/x86-64-v2/libsystemd-shared-257.so", O_RDONLY|O_CLOEXEC) = -1 ENOENT (No such file or directory)
401295 newfstatat(AT_FDCWD, "/usr/lib/x86_64-linux-gnu/systemd/glibc-hwcaps/x86-64-v2/", 0x7ffc9da197b0, 0) = -1 ENOENT (No such file or directory)
401295 openat(AT_FDCWD, "/usr/lib/x86_64-linux-gnu/systemd/libsystemd-shared-257.so", O_RDONLY|O_CLOEXEC) = 3
401295 read(3, "\177ELF\2\1\1\0\0\0\0\0\0\0\0\0\3\0>\0\1\0\0\0\0\0\0\0\0\0\0\0"..., 832) = 832
401295 fstat(3, {st_mode=S_IFREG|0644, st_size=4443576, ...}) = 0
401295 mmap(NULL, 4451704, PROT_READ, MAP_PRIVATE|MAP_DENYWRITE, 3, 0) = 0x74fdc5600000
401295 mmap(0x74fdc567a000, 2871296, PROT_READ|PROT_EXEC, MAP_PRIVATE|MAP_FIXED|MAP_DENYWRITE, 3, 0x7a000) = 0x74fdc567a000
401295 mmap(0x74fdc5937000, 901120, PROT_READ, MAP_PRIVATE|MAP_FIXED|MAP_DENYWRITE, 3, 0x337000) = 0x74fdc5937000
401295 mmap(0x74fdc5a13000, 176128, PROT_READ|PROT_WRITE, MAP_PRIVATE|MAP_FIXED|MAP_DENYWRITE, 3, 0x412000) = 0x74fdc5a13000
401295 mmap(0x74fdc5a3e000, 3448, PROT_READ|PROT_WRITE, MAP_PRIVATE|MAP_FIXED|MAP_ANONYMOUS, -1, 0) = 0x74fdc5a3e000
401295 close(3)                         = 0
401295 openat(AT_FDCWD, "/usr/lib/x86_64-linux-gnu/systemd/libc.so.6", O_RDONLY|O_CLOEXEC) = -1 ENOENT (No such file or directory)
401295 openat(AT_FDCWD, "/etc/ld.so.cache", O_RDONLY|O_CLOEXEC) = 3
401295 fstat(3, {st_mode=S_IFREG|0644, st_size=75893, ...}) = 0
401295 mmap(NULL, 75893, PROT_READ, MAP_PRIVATE, 3, 0) = 0x74fdc5a50000
401295 close(3)                         = 0
401295 openat(AT_FDCWD, "/lib/x86_64-linux-gnu/libc.so.6", O_RDONLY|O_CLOEXEC) = 3
401295 read(3, "\177ELF\2\1\1\3\0\0\0\0\0\0\0\0\3\0>\0\1\0\0\0\0\245\2\0\0\0\0\0"..., 832) = 832
401295 pread64(3, "\6\0\0\0\4\0\0\0@\0\0\0\0\0\0\0@\0\0\0\0\0\0\0@\0\0\0\0\0\0\0"..., 840, 64) = 840
401295 fstat(3, {st_mode=S_IFREG|0755, st_size=2182752, ...}) = 0
401295 pread64(3, "\6\0\0\0\4\0\0\0@\0\0\0\0\0\0\0@\0\0\0\0\0\0\0@\0\0\0\0\0\0\0"..., 840, 64) = 840
401295 mmap(NULL, 2227832, PROT_READ, MAP_PRIVATE|MAP_DENYWRITE, 3, 0) = 0x74fdc5200000
401295 mmap(0x74fdc5228000, 1662976, PROT_READ|PROT_EXEC, MAP_PRIVATE|MAP_FIXED|MAP_DENYWRITE, 3, 0x28000) = 0x74fdc5228000
401295 mmap(0x74fdc53be000, 323584, PROT_READ, MAP_PRIVATE|MAP_FIXED|MAP_DENYWRITE, 3, 0x1be000) = 0x74fdc53be000
401295 mmap(0x74fdc540d000, 24576, PROT_READ|PROT_WRITE, MAP_PRIVATE|MAP_FIXED|MAP_DENYWRITE, 3, 0x20c000) = 0x74fdc540d000
401295 mmap(0x74fdc5413000, 52856, PROT_READ|PROT_WRITE, MAP_PRIVATE|MAP_FIXED|MAP_ANONYMOUS, -1, 0) = 0x74fdc5413000
401295 close(3)                         = 0
401295 openat(AT_FDCWD, "/lib/x86_64-linux-gnu/libacl.so.1", O_RDONLY|O_CLOEXEC) = 3
401295 read(3, "\177ELF\2\1\1\0\0\0\0\0\0\0\0\0\3\0>\0\1\0\0\0\0\0\0\0\0\0\0\0"..., 832) = 832
401295 fstat(3, {st_mode=S_IFREG|0644, st_size=38984, ...}) = 0
401295 mmap(NULL, 36896, PROT_READ, MAP_PRIVATE|MAP_DENYWRITE, 3, 0) = 0x74fdc5a46000
401295 mmap(0x74fdc5a48000, 20480, PROT_READ|PROT_EXEC, MAP_PRIVATE|MAP_FIXED|MAP_DENYWRITE, 3, 0x2000) = 0x74fdc5a48000
401295 mmap(0x74fdc5a4d000, 4096, PROT_READ, MAP_PRIVATE|MAP_FIXED|MAP_DENYWRITE, 3, 0x7000) = 0x74fdc5a4d000
401295 mmap(0x74fdc5a4e000, 8192, PROT_READ|PROT_WRITE, MAP_PRIVATE|MAP_FIXED|MAP_DENYWRITE, 3, 0x8000) = 0x74fdc5a4e000
401295 close(3)                         = 0
401295 openat(AT_FDCWD, "/lib/x86_64-linux-gnu/libblkid.so.1", O_RDONLY|O_CLOEXEC) = 3
401295 read(3, "\177ELF\2\1\1\0\0\0\0\0\0\0\0\0\3\0>\0\1\0\0\0\0\0\0\0\0\0\0\0"..., 832) = 832
401295 fstat(3, {st_mode=S_IFREG|0644, st_size=273528, ...}) = 0
401295 mmap(NULL, 275384, PROT_READ, MAP_PRIVATE|MAP_DENYWRITE, 3, 0) = 0x74fdc55bc000
401295 mmap(0x74fdc55c3000, 184320, PROT_READ|PROT_EXEC, MAP_PRIVATE|MAP_FIXED|MAP_DENYWRITE, 3, 0x7000) = 0x74fdc55c3000
401295 mmap(0x74fdc55f0000, 36864, PROT_READ, MAP_PRIVATE|MAP_FIXED|MAP_DENYWRITE, 3, 0x34000) = 0x74fdc55f0000
401295 mmap(0x74fdc55f9000, 28672, PROT_READ|PROT_WRITE, MAP_PRIVATE|MAP_FIXED|MAP_DENYWRITE, 3, 0x3c000) = 0x74fdc55f9000
401295 close(3)                         = 0
401295 openat(AT_FDCWD, "/lib/x86_64-linux-gnu/libcap.so.2", O_RDONLY|O_CLOEXEC) = 3
401295 read(3, "\177ELF\2\1\1\0\0\0\0\0\0\0\0\0\3\0>\0\1\0\0\0\0\225\0\0\0\0\0\0"..., 832) = 832
401295 pread64(3, "\6\0\0\0\4\0\0\0@\0\0\0\0\0\0\0@\0\0\0\0\0\0\0@\0\0\0\0\0\0\0"..., 784, 64) = 784
401295 fstat(3, {st_mode=S_IFREG|0644, st_size=55712, ...}) = 0
401295 pread64(3, "\6\0\0\0\4\0\0\0@\0\0\0\0\0\0\0@\0\0\0\0\0\0\0@\0\0\0\0\0\0\0"..., 784, 64) = 784
401295 mmap(NULL, 53320, PROT_READ, MAP_PRIVATE|MAP_DENYWRITE, 3, 0) = 0x74fdc55ae000
401295 mmap(0x74fdc55b1000, 28672, PROT_READ|PROT_EXEC, MAP_PRIVATE|MAP_FIXED|MAP_DENYWRITE, 3, 0x3000) = 0x74fdc55b1000
401295 mmap(0x74fdc55b8000, 8192, PROT_READ, MAP_PRIVATE|MAP_FIXED|MAP_DENYWRITE, 3, 0xa000) = 0x74fdc55b8000
401295 mmap(0x74fdc55ba000, 8192, PROT_READ|PROT_WRITE, MAP_PRIVATE|MAP_FIXED|MAP_DENYWRITE, 3, 0xc000) = 0x74fdc55ba000
401295 close(3)                         = 0
401295 openat(AT_FDCWD, "/lib/x86_64-linux-gnu/libcrypt.so.1", O_RDONLY|O_CLOEXEC) = 3
401295 read(3, "\177ELF\2\1\1\0\0\0\0\0\0\0\0\0\3\0>\0\1\0\0\0\0\0\0\0\0\0\0\0"..., 832) = 832
401295 fstat(3, {st_mode=S_IFREG|0644, st_size=219224, ...}) = 0
401295 mmap(NULL, 8192, PROT_READ|PROT_WRITE, MAP_PRIVATE|MAP_ANONYMOUS, -1, 0) = 0x74fdc5a44000
401295 mmap(NULL, 254368, PROT_READ, MAP_PRIVATE|MAP_DENYWRITE, 3, 0) = 0x74fdc556f000
401295 mmap(0x74fdc5571000, 106496, PROT_READ|PROT_EXEC, MAP_PRIVATE|MAP_FIXED|MAP_DENYWRITE, 3, 0x2000) = 0x74fdc5571000
401295 mmap(0x74fdc558b000, 102400, PROT_READ, MAP_PRIVATE|MAP_FIXED|MAP_DENYWRITE, 3, 0x1c000) = 0x74fdc558b000
401295 mmap(0x74fdc55a4000, 8192, PROT_READ|PROT_WRITE, MAP_PRIVATE|MAP_FIXED|MAP_DENYWRITE, 3, 0x34000) = 0x74fdc55a4000
401295 mmap(0x74fdc55a6000, 29088, PROT_READ|PROT_WRITE, MAP_PRIVATE|MAP_FIXED|MAP_ANONYMOUS, -1, 0) = 0x74fdc55a6000
401295 close(3)                         = 0
401295 openat(AT_FDCWD, "/lib/x86_64-linux-gnu/libmount.so.1", O_RDONLY|O_CLOEXEC) = 3
401295 read(3, "\177ELF\2\1\1\0\0\0\0\0\0\0\0\0\3\0>\0\1\0\0\0\0\0\0\0\0\0\0\0"..., 832) = 832
401295 fstat(3, {st_mode=S_IFREG|0644, st_size=346912, ...}) = 0
401295 mmap(NULL, 348768, PROT_READ, MAP_PRIVATE|MAP_DENYWRITE, 3, 0) = 0x74fdc5519000
401295 mmap(0x74fdc5522000, 249856, PROT_READ|PROT_EXEC, MAP_PRIVATE|MAP_FIXED|MAP_DENYWRITE, 3, 0x9000) = 0x74fdc5522000
401295 mmap(0x74fdc555f000, 53248, PROT_READ, MAP_PRIVATE|MAP_FIXED|MAP_DENYWRITE, 3, 0x46000) = 0x74fdc555f000
401295 mmap(0x74fdc556c000, 12288, PROT_READ|PROT_WRITE, MAP_PRIVATE|MAP_FIXED|MAP_DENYWRITE, 3, 0x52000) = 0x74fdc556c000
401295 close(3)                         = 0
401295 openat(AT_FDCWD, "/lib/x86_64-linux-gnu/libcrypto.so.3", O_RDONLY|O_CLOEXEC) = 3
401295 read(3, "\177ELF\2\1\1\0\0\0\0\0\0\0\0\0\3\0>\0\1\0\0\0\0\0\0\0\0\0\0\0"..., 832) = 832
401295 fstat(3, {st_mode=S_IFREG|0644, st_size=6111160, ...}) = 0
401295 mmap(NULL, 6121456, PROT_READ, MAP_PRIVATE|MAP_DENYWRITE, 3, 0) = 0x74fdc4c00000
401295 mmap(0x74fdc4cc6000, 3780608, PROT_READ|PROT_EXEC, MAP_PRIVATE|MAP_FIXED|MAP_DENYWRITE, 3, 0xc6000) = 0x74fdc4cc6000
401295 mmap(0x74fdc5061000, 1089536, PROT_READ, MAP_PRIVATE|MAP_FIXED|MAP_DENYWRITE, 3, 0x461000) = 0x74fdc5061000
401295 mmap(0x74fdc516b000, 430080, PROT_READ|PROT_WRITE, MAP_PRIVATE|MAP_FIXED|MAP_DENYWRITE, 3, 0x56b000) = 0x74fdc516b000
401295 mmap(0x74fdc51d4000, 10224, PROT_READ|PROT_WRITE, MAP_PRIVATE|MAP_FIXED|MAP_ANONYMOUS, -1, 0) = 0x74fdc51d4000
401295 close(3)                         = 0
401295 openat(AT_FDCWD, "/lib/x86_64-linux-gnu/libpam.so.0", O_RDONLY|O_CLOEXEC) = 3
401295 read(3, "\177ELF\2\1\1\0\0\0\0\0\0\0\0\0\3\0>\0\1\0\0\0\0\0\0\0\0\0\0\0"..., 832) = 832
401295 fstat(3, {st_mode=S_IFREG|0644, st_size=72064, ...}) = 0
401295 mmap(NULL, 69648, PROT_READ, MAP_PRIVATE|MAP_DENYWRITE, 3, 0) = 0x74fdc5507000
401295 mmap(0x74fdc550a000, 40960, PROT_READ|PROT_EXEC, MAP_PRIVATE|MAP_FIXED|MAP_DENYWRITE, 3, 0x3000) = 0x74fdc550a000
401295 mmap(0x74fdc5514000, 12288, PROT_READ, MAP_PRIVATE|MAP_FIXED|MAP_DENYWRITE, 3, 0xd000) = 0x74fdc5514000
401295 mmap(0x74fdc5517000, 8192, PROT_READ|PROT_WRITE, MAP_PRIVATE|MAP_FIXED|MAP_DENYWRITE, 3, 0x10000) = 0x74fdc5517000
401295 close(3)                         = 0
401295 openat(AT_FDCWD, "/lib/x86_64-linux-gnu/libseccomp.so.2", O_RDONLY|O_CLOEXEC) = 3
401295 read(3, "\177ELF\2\1\1\0\0\0\0\0\0\0\0\0\3\0>\0\1\0\0\0\0\0\0\0\0\0\0\0"..., 832) = 832
401295 fstat(3, {st_mode=S_IFREG|0644, st_size=137728, ...}) = 0
401295 mmap(NULL, 139584, PROT_READ, MAP_PRIVATE|MAP_DENYWRITE, 3, 0) = 0x74fdc54e4000
401295 mmap(0x74fdc54e6000, 69632, PROT_READ|PROT_EXEC, MAP_PRIVATE|MAP_FIXED|MAP_DENYWRITE, 3, 0x2000) = 0x74fdc54e6000
401295 mmap(0x74fdc54f7000, 57344, PROT_READ, MAP_PRIVATE|MAP_FIXED|MAP_DENYWRITE, 3, 0x13000) = 0x74fdc54f7000
401295 mmap(0x74fdc5505000, 8192, PROT_READ|PROT_WRITE, MAP_PRIVATE|MAP_FIXED|MAP_DENYWRITE, 3, 0x20000) = 0x74fdc5505000
401295 close(3)                         = 0
401295 openat(AT_FDCWD, "/lib/x86_64-linux-gnu/libselinux.so.1", O_RDONLY|O_CLOEXEC) = 3
401295 read(3, "\177ELF\2\1\1\0\0\0\0\0\0\0\0\0\3\0>\0\1\0\0\0\0\0\0\0\0\0\0\0"..., 832) = 832
401295 fstat(3, {st_mode=S_IFREG|0644, st_size=195032, ...}) = 0
401295 mmap(NULL, 206512, PROT_READ, MAP_PRIVATE|MAP_DENYWRITE, 3, 0) = 0x74fdc54b1000
401295 mmap(0x74fdc54b8000, 135168, PROT_READ|PROT_EXEC, MAP_PRIVATE|MAP_FIXED|MAP_DENYWRITE, 3, 0x7000) = 0x74fdc54b8000
401295 mmap(0x74fdc54d9000, 28672, PROT_READ, MAP_PRIVATE|MAP_FIXED|MAP_DENYWRITE, 3, 0x28000) = 0x74fdc54d9000
401295 mmap(0x74fdc54e0000, 8192, PROT_READ|PROT_WRITE, MAP_PRIVATE|MAP_FIXED|MAP_DENYWRITE, 3, 0x2e000) = 0x74fdc54e0000
401295 mmap(0x74fdc54e2000, 5808, PROT_READ|PROT_WRITE, MAP_PRIVATE|MAP_FIXED|MAP_ANONYMOUS, -1, 0) = 0x74fdc54e2000
401295 close(3)                         = 0
401295 openat(AT_FDCWD, "/lib/x86_64-linux-gnu/libm.so.6", O_RDONLY|O_CLOEXEC) = 3
401295 read(3, "\177ELF\2\1\1\3\0\0\0\0\0\0\0\0\3\0>\0\1\0\0\0\0\0\0\0\0\0\0\0"..., 832) = 832
401295 fstat(3, {st_mode=S_IFREG|0644, st_size=1010032, ...}) = 0
401295 mmap(NULL, 8192, PROT_READ|PROT_WRITE, MAP_PRIVATE|MAP_ANONYMOUS, -1, 0) = 0x74fdc5a42000
401295 mmap(NULL, 1007640, PROT_READ, MAP_PRIVATE|MAP_DENYWRITE, 3, 0) = 0x74fdc4b09000
401295 mmap(0x74fdc4b1a000, 548864, PROT_READ|PROT_EXEC, MAP_PRIVATE|MAP_FIXED|MAP_DENYWRITE, 3, 0x11000) = 0x74fdc4b1a000
401295 mmap(0x74fdc4ba0000, 385024, PROT_READ, MAP_PRIVATE|MAP_FIXED|MAP_DENYWRITE, 3, 0x97000) = 0x74fdc4ba0000
401295 mmap(0x74fdc4bfe000, 8192, PROT_READ|PROT_WRITE, MAP_PRIVATE|MAP_FIXED|MAP_DENYWRITE, 3, 0xf5000) = 0x74fdc4bfe000
401295 close(3)                         = 0
401295 openat(AT_FDCWD, "/lib/x86_64-linux-gnu/libz.so.1", O_RDONLY|O_CLOEXEC) = 3
401295 read(3, "\177ELF\2\1\1\0\0\0\0\0\0\0\0\0\3\0>\0\1\0\0\0\0\0\0\0\0\0\0\0"..., 832) = 832
401295 fstat(3, {st_mode=S_IFREG|0644, st_size=121272, ...}) = 0
401295 mmap(NULL, 118936, PROT_READ, MAP_PRIVATE|MAP_DENYWRITE, 3, 0) = 0x74fdc5493000
401295 mmap(0x74fdc5496000, 77824, PROT_READ|PROT_EXEC, MAP_PRIVATE|MAP_FIXED|MAP_DENYWRITE, 3, 0x3000) = 0x74fdc5496000
401295 mmap(0x74fdc54a9000, 24576, PROT_READ, MAP_PRIVATE|MAP_FIXED|MAP_DENYWRITE, 3, 0x16000) = 0x74fdc54a9000
401295 mmap(0x74fdc54af000, 8192, PROT_READ|PROT_WRITE, MAP_PRIVATE|MAP_FIXED|MAP_DENYWRITE, 3, 0x1c000) = 0x74fdc54af000
401295 close(3)                         = 0
401295 openat(AT_FDCWD, "/lib/x86_64-linux-gnu/libzstd.so.1", O_RDONLY|O_CLOEXEC) = 3
401295 read(3, "\177ELF\2\1\1\0\0\0\0\0\0\0\0\0\3\0>\0\1\0\0\0\0\0\0\0\0\0\0\0"..., 832) = 832
401295 fstat(3, {st_mode=S_IFREG|0644, st_size=985240, ...}) = 0
401295 mmap(NULL, 983104, PROT_READ, MAP_PRIVATE|MAP_DENYWRITE, 3, 0) = 0x74fdc4a18000
401295 mmap(0x74fdc4a1c000, 909312, PROT_READ|PROT_EXEC, MAP_PRIVATE|MAP_FIXED|MAP_DENYWRITE, 3, 0x4000) = 0x74fdc4a1c000
401295 mmap(0x74fdc4afa000, 53248, PROT_READ, MAP_PRIVATE|MAP_FIXED|MAP_DENYWRITE, 3, 0xe2000) = 0x74fdc4afa000
401295 mmap(0x74fdc4b07000, 8192, PROT_READ|PROT_WRITE, MAP_PRIVATE|MAP_FIXED|MAP_DENYWRITE, 3, 0xef000) = 0x74fdc4b07000
401295 close(3)                         = 0
401295 openat(AT_FDCWD, "/lib/x86_64-linux-gnu/libaudit.so.1", O_RDONLY|O_CLOEXEC) = 3
401295 read(3, "\177ELF\2\1\1\0\0\0\0\0\0\0\0\0\3\0>\0\1\0\0\0\0\0\0\0\0\0\0\0"..., 832) = 832
401295 fstat(3, {st_mode=S_IFREG|0644, st_size=153760, ...}) = 0
401295 mmap(NULL, 200880, PROT_READ, MAP_PRIVATE|MAP_DENYWRITE, 3, 0) = 0x74fdc5461000
401295 mmap(0x74fdc5464000, 49152, PROT_READ|PROT_EXEC, MAP_PRIVATE|MAP_FIXED|MAP_DENYWRITE, 3, 0x3000) = 0x74fdc5464000
401295 mmap(0x74fdc5470000, 86016, PROT_READ, MAP_PRIVATE|MAP_FIXED|MAP_DENYWRITE, 3, 0xf000) = 0x74fdc5470000
401295 mmap(0x74fdc5485000, 8192, PROT_READ|PROT_WRITE, MAP_PRIVATE|MAP_FIXED|MAP_DENYWRITE, 3, 0x24000) = 0x74fdc5485000
401295 mmap(0x74fdc5487000, 45232, PROT_READ|PROT_WRITE, MAP_PRIVATE|MAP_FIXED|MAP_ANONYMOUS, -1, 0) = 0x74fdc5487000
401295 close(3)                         = 0
401295 openat(AT_FDCWD, "/lib/x86_64-linux-gnu/libpcre2-8.so.0", O_RDONLY|O_CLOEXEC) = 3
401295 read(3, "\177ELF\2\1\1\0\0\0\0\0\0\0\0\0\3\0>\0\1\0\0\0\0\0\0\0\0\0\0\0"..., 832) = 832
401295 fstat(3, {st_mode=S_IFREG|0644, st_size=776880, ...}) = 0
401295 mmap(NULL, 778928, PROT_READ, MAP_PRIVATE|MAP_DENYWRITE, 3, 0) = 0x74fdc4959000
401295 mmap(0x74fdc495c000, 581632, PROT_READ|PROT_EXEC, MAP_PRIVATE|MAP_FIXED|MAP_DENYWRITE, 3, 0x3000) = 0x74fdc495c000
401295 mmap(0x74fdc49ea000, 180224, PROT_READ, MAP_PRIVATE|MAP_FIXED|MAP_DENYWRITE, 3, 0x91000) = 0x74fdc49ea000
401295 mmap(0x74fdc4a16000, 8192, PROT_READ|PROT_WRITE, MAP_PRIVATE|MAP_FIXED|MAP_DENYWRITE, 3, 0xbc000) = 0x74fdc4a16000
401295 close(3)                         = 0
401295 openat(AT_FDCWD, "/lib/x86_64-linux-gnu/libcap-ng.so.0", O_RDONLY|O_CLOEXEC) = 3
401295 read(3, "\177ELF\2\1\1\0\0\0\0\0\0\0\0\0\3\0>\0\1\0\0\0\0\0\0\0\0\0\0\0"..., 832) = 832
401295 fstat(3, {st_mode=S_IFREG|0644, st_size=31024, ...}) = 0
401295 mmap(NULL, 8192, PROT_READ|PROT_WRITE, MAP_PRIVATE|MAP_ANONYMOUS, -1, 0) = 0x74fdc5a40000
401295 mmap(NULL, 32816, PROT_READ, MAP_PRIVATE|MAP_DENYWRITE, 3, 0) = 0x74fdc5458000
401295 mmap(0x74fdc545a000, 16384, PROT_READ|PROT_EXEC, MAP_PRIVATE|MAP_FIXED|MAP_DENYWRITE, 3, 0x2000) = 0x74fdc545a000
401295 mmap(0x74fdc545e000, 4096, PROT_READ, MAP_PRIVATE|MAP_FIXED|MAP_DENYWRITE, 3, 0x6000) = 0x74fdc545e000
401295 mmap(0x74fdc545f000, 8192, PROT_READ|PROT_WRITE, MAP_PRIVATE|MAP_FIXED|MAP_DENYWRITE, 3, 0x6000) = 0x74fdc545f000
401295 close(3)                         = 0
401295 mmap(NULL, 8192, PROT_READ|PROT_WRITE, MAP_PRIVATE|MAP_ANONYMOUS, -1, 0) = 0x74fdc5456000
401295 mmap(NULL, 12288, PROT_READ|PROT_WRITE, MAP_PRIVATE|MAP_ANONYMOUS, -1, 0) = 0x74fdc5453000
401295 arch_prctl(ARCH_SET_FS, 0x74fdc5453980) = 0
401295 set_tid_address(0x74fdc5453c50)  = 401295
401295 set_robust_list(0x74fdc5453c60, 24) = 0
401295 rseq(0x74fdc54536a0, 0x20, 0, 0x53053053) = 0
401295 mprotect(0x74fdc540d000, 16384, PROT_READ) = 0
401295 mprotect(0x74fdc545f000, 4096, PROT_READ) = 0
401295 mprotect(0x74fdc4a16000, 4096, PROT_READ) = 0
401295 mprotect(0x74fdc5485000, 4096, PROT_READ) = 0
401295 mprotect(0x74fdc4b07000, 4096, PROT_READ) = 0
401295 mprotect(0x74fdc54af000, 4096, PROT_READ) = 0
401295 mprotect(0x74fdc4bfe000, 4096, PROT_READ) = 0
401295 mprotect(0x74fdc54e0000, 4096, PROT_READ) = 0
401295 mprotect(0x74fdc5505000, 4096, PROT_READ) = 0
401295 mprotect(0x74fdc5517000, 4096, PROT_READ) = 0
401295 mprotect(0x74fdc516b000, 417792, PROT_READ) = 0
401295 mprotect(0x74fdc55f9000, 24576, PROT_READ) = 0
401295 mprotect(0x74fdc556c000, 8192, PROT_READ) = 0
401295 mprotect(0x74fdc55a4000, 4096, PROT_READ) = 0
401295 mprotect(0x74fdc55ba000, 4096, PROT_READ) = 0
401295 mprotect(0x74fdc5a4e000, 4096, PROT_READ) = 0
401295 mprotect(0x74fdc5a13000, 167936, PROT_READ) = 0
401295 mprotect(0x557bb5bfc000, 4096, PROT_READ) = 0
401295 mprotect(0x74fdc5aa5000, 8192, PROT_READ) = 0
401295 prlimit64(0, RLIMIT_STACK, NULL, {rlim_cur=8192*1024, rlim_max=RLIM64_INFINITY}) = 0
401295 munmap(0x74fdc5a50000, 75893)    = 0
401295 openat(AT_FDCWD, "/proc/sys/kernel/cap_last_cap", O_RDONLY) = 3
401295 fstatfs(3, {f_type=PROC_SUPER_MAGIC, f_bsize=4096, f_blocks=0, f_bfree=0, f_bavail=0, f_files=0, f_ffree=0, f_fsid={val=[0x19, 0]}, f_namelen=255, f_frsize=4096, f_flags=ST_VALID|ST_NOSUID|ST_NODEV|ST_NOEXEC|ST_RELATIME}) = 0
401295 read(3, "40\n", 7)               = 3
401295 close(3)                         = 0
401295 prctl(PR_CAPBSET_READ, CAP_CHOWN) = 1
401295 prctl(PR_GET_SECUREBITS)         = 0
401295 prctl(PR_GET_NO_NEW_PRIVS, 0, 0, 0, 0) = 0
401295 prctl(PR_CAP_AMBIENT, PR_CAP_AMBIENT_IS_SET, CAP_CHOWN, 0, 0) = 0
401295 statfs("/sys/fs/selinux", 0x7ffc9da1a560) = -1 ENOENT (No such file or directory)
401295 statfs("/selinux", 0x7ffc9da1a560) = -1 ENOENT (No such file or directory)
401295 getrandom("\x2e\x5a\x08\xfd\xaf\x29\x93\xe6", 8, GRND_NONBLOCK) = 8
401295 brk(NULL)                        = 0x557bc2497000
401295 brk(0x557bc24b8000)              = 0x557bc24b8000
401295 openat(AT_FDCWD, "/proc/filesystems", O_RDONLY|O_CLOEXEC) = 3
401295 fstat(3, {st_mode=S_IFREG|0444, st_size=0, ...}) = 0
401295 read(3, "nodev\tsysfs\nnodev\ttmpfs\nnodev\tbd"..., 1024) = 408
401295 read(3, "", 1024)                = 0
401295 close(3)                         = 0
401295 access("/etc/selinux/config", F_OK) = -1 ENOENT (No such file or directory)
401295 prctl(PR_CAPBSET_READ, CAP_MAC_OVERRIDE) = 1
401295 prctl(PR_CAPBSET_READ, 0x30 /* CAP_??? */) = -1 EINVAL (Invalid argument)
401295 prctl(PR_CAPBSET_READ, CAP_CHECKPOINT_RESTORE) = 1
401295 prctl(PR_CAPBSET_READ, 0x2c /* CAP_??? */) = -1 EINVAL (Invalid argument)
401295 prctl(PR_CAPBSET_READ, 0x2a /* CAP_??? */) = -1 EINVAL (Invalid argument)
401295 prctl(PR_CAPBSET_READ, 0x29 /* CAP_??? */) = -1 EINVAL (Invalid argument)
401295 getpid()                         = 401295
401295 umask(022)                       = 022
401295 openat(AT_FDCWD, "/proc/self/stat", O_RDONLY|O_CLOEXEC) = 3
401295 fstat(3, {st_mode=S_IFREG|0444, st_size=0, ...}) = 0
401295 read(3, "401295 (systemd-tty-ask) R 40129"..., 1024) = 330
401295 ioctl(3, TCGETS, 0x7ffc9da1a2f0) = -1 ENOTTY (Inappropriate ioctl for device)
401295 read(3, "", 1024)                = 0
401295 close(3)                         = 0
401295 newfstatat(AT_FDCWD, "/run/systemd/ask-password-block", {st_mode=S_IFDIR|0700, st_size=120, ...}, 0) = 0
401295 mknodat(AT_FDCWD, "/run/systemd/ask-password-block/136:9", S_IFIFO|0600) = 0
401295 openat(AT_FDCWD, "/run/systemd/ask-password-block/136:9", O_RDONLY|O_NOCTTY|O_NONBLOCK|O_CLOEXEC) = 3
401295 newfstatat(AT_FDCWD, "/run/systemd", {st_mode=S_IFDIR|0755, st_size=680, ...}, 0) = 0
401295 mkdirat(AT_FDCWD, "/run/systemd/ask-password", 0755) = -1 EEXIST (File exists)
401295 newfstatat(AT_FDCWD, "/run/systemd/ask-password", {st_mode=S_IFDIR|0755, st_size=40, ...}, 0) = 0
401295 rt_sigprocmask(SIG_SETMASK, [TERM], NULL, 8) = 0
401295 signalfd4(-1, [TERM], 8, SFD_CLOEXEC|SFD_NONBLOCK) = 4
401295 inotify_init1(IN_CLOEXEC)        = 5
401295 inotify_add_watch(5, "/run/systemd/ask-password", IN_CLOSE_WRITE|IN_MOVED_TO|IN_ONLYDIR) = 1
401295 openat(AT_FDCWD, "/run/systemd/ask-password", O_RDONLY|O_NONBLOCK|O_CLOEXEC|O_DIRECTORY) = 6
401295 fstat(6, {st_mode=S_IFDIR|0755, st_size=40, ...}) = 0
401295 getdents64(6, 0x557bc2497bf0 /* 2 entries */, 32768) = 48
401295 getdents64(6, 0x557bc2497bf0 /* 0 entries */, 32768) = 0
401295 close(6)                         = 0
401295 ppoll([{fd=4, events=POLLIN}, {fd=5, events=POLLIN}], 2, NULL, NULL, 8 <unfinished ...>
401294 <... ppoll resumed>)             = ? ERESTARTNOHAND (To be restarted if no handler)
401295 <... ppoll resumed>)             = ? ERESTARTNOHAND (To be restarted if no handler)
401294 --- SIGINT {si_signo=SIGINT, si_code=SI_KERNEL} ---
401295 --- SIGINT {si_signo=SIGINT, si_code=SI_KERNEL} ---
401294 +++ killed by SIGINT +++
401295 +++ killed by SIGINT +++
